TN:
SF:src\App.tsx
FN:80,App
FNF:1
FNH:1
FNDA:16,App
DA:17,8
LF:1
LH:1
BRF:0
BRH:0
end_of_record
TN:
SF:src\main.tsx
FNF:0
FNH:0
DA:6,8
LF:1
LH:1
BRF:0
BRH:0
end_of_record
TN:
SF:src\routeTree.gen.ts
FNF:0
FNH:0
LF:0
LH:0
BRF:0
BRH:0
end_of_record
TN:
SF:src\router.tsx
FNF:0
FNH:0
LF:0
LH:0
BRF:0
BRH:0
end_of_record
TN:
SF:src\server.ts
FNF:0
FNH:0
LF:0
LH:0
BRF:0
BRH:0
end_of_record
TN:
SF:src\start.ts
FNF:0
FNH:0
LF:0
LH:0
BRF:0
BRH:0
end_of_record
TN:
SF:src\components\app-sidebar.tsx
FN:25,AppSidebar
FN:29,(anonymous_1)
FN:77,(anonymous_2)
FNF:3
FNH:3
FNDA:52,AppSidebar
FNDA:52,(anonymous_1)
FNDA:468,(anonymous_2)
DA:26,52
DA:27,52
DA:29,52
DA:30,52
DA:31,52
DA:32,52
DA:34,52
DA:43,52
DA:44,0
DA:48,52
DA:49,52
DA:50,52
DA:53,52
DA:55,52
DA:58,52
DA:79,468
DA:82,468
DA:83,468
LF:18
LH:17
BRDA:27,0,0,52
BRDA:27,0,1,0
BRDA:27,0,2,0
BRDA:36,1,0,0
BRDA:36,1,1,52
BRDA:37,2,0,0
BRDA:37,2,1,52
BRDA:38,3,0,0
BRDA:38,3,1,52
BRDA:40,4,0,0
BRDA:40,4,1,52
BRDA:43,5,0,0
BRDA:48,6,0,52
BRDA:53,7,0,0
BRDA:53,7,1,52
BRDA:79,8,0,52
BRDA:79,8,1,416
BRDA:89,9,0,52
BRDA:89,9,1,416
BRDA:97,10,0,52
BRDA:97,10,1,416
BRDA:99,11,0,52
BRDA:99,11,1,416
BRDA:102,12,0,468
BRF:24
BRH:16
end_of_record
TN:
SF:src\components\app-topbar.tsx
FN:24,(anonymous_0)
FN:27,(anonymous_1)
FN:36,AppTopbar
FN:43,(anonymous_3)
FN:47,(anonymous_4)
FN:51,(anonymous_5)
FN:55,(anonymous_6)
FN:56,(anonymous_7)
FN:59,(anonymous_8)
FN:62,(anonymous_9)
FN:73,(anonymous_10)
FN:85,(anonymous_11)
FN:92,(anonymous_12)
FN:93,(anonymous_13)
FN:95,(anonymous_14)
FN:98,(anonymous_15)
FN:101,(anonymous_16)
FN:119,(anonymous_17)
FN:120,(anonymous_18)
FN:164,(anonymous_19)
FN:184,(anonymous_20)
FN:184,(anonymous_21)
FN:185,(anonymous_22)
FN:185,(anonymous_23)
FN:186,(anonymous_24)
FN:186,(anonymous_25)
FN:187,(anonymous_26)
FN:187,(anonymous_27)
FN:189,(anonymous_28)
FN:189,(anonymous_29)
FN:215,(anonymous_30)
FN:235,(anonymous_31)
FN:236,(anonymous_32)
FN:237,(anonymous_33)
FN:238,(anonymous_34)
FN:239,(anonymous_35)
FNF:36
FNH:16
FNDA:62,(anonymous_0)
FNDA:8,(anonymous_1)
FNDA:62,AppTopbar
FNDA:16,(anonymous_3)
FNDA:8,(anonymous_4)
FNDA:0,(anonymous_5)
FNDA:16,(anonymous_6)
FNDA:8,(anonymous_7)
FNDA:8,(anonymous_8)
FNDA:0,(anonymous_9)
FNDA:16,(anonymous_10)
FNDA:16,(anonymous_11)
FNDA:16,(anonymous_12)
FNDA:16,(anonymous_13)
FNDA:32,(anonymous_14)
FNDA:8,(anonymous_15)
FNDA:16,(anonymous_16)
FNDA:0,(anonymous_17)
FNDA:0,(anonymous_18)
FNDA:0,(anonymous_19)
FNDA:0,(anonymous_20)
FNDA:0,(anonymous_21)
FNDA:0,(anonymous_22)
FNDA:0,(anonymous_23)
FNDA:0,(anonymous_24)
FNDA:0,(anonymous_25)
FNDA:0,(anonymous_26)
FNDA:0,(anonymous_27)
FNDA:0,(anonymous_28)
FNDA:0,(anonymous_29)
FNDA:124,(anonymous_30)
FNDA:0,(anonymous_31)
FNDA:0,(anonymous_32)
FNDA:0,(anonymous_33)
FNDA:0,(anonymous_34)
FNDA:0,(anonymous_35)
DA:23,8
DA:25,62
DA:26,62
DA:37,62
DA:38,62
DA:39,62
DA:40,62
DA:41,62
DA:43,62
DA:44,16
DA:47,62
DA:48,8
DA:51,62
DA:52,0
DA:55,62
DA:56,16
DA:57,8
DA:59,16
DA:62,62
DA:63,0
DA:64,0
DA:65,0
DA:66,0
DA:67,0
DA:70,62
DA:71,62
DA:73,62
DA:74,16
DA:75,16
DA:76,16
DA:77,16
DA:78,16
DA:79,0
DA:80,0
DA:84,62
DA:85,62
DA:86,16
DA:87,16
DA:89,0
DA:92,62
DA:93,16
DA:94,16
DA:95,32
DA:97,16
DA:98,16
DA:101,62
DA:102,16
DA:103,0
DA:104,0
DA:105,16
DA:106,16
DA:107,16
DA:109,0
DA:110,0
DA:111,0
DA:113,0
DA:116,16
DA:119,62
DA:120,0
DA:164,0
DA:184,0
DA:185,0
DA:186,0
DA:187,0
DA:189,0
DA:215,124
DA:235,0
DA:236,0
DA:237,0
DA:238,0
DA:239,0
LF:71
LH:44
BRDA:26,0,0,62
BRDA:26,0,1,62
BRDA:39,1,0,62
BRDA:39,1,1,0
BRDA:40,2,0,62
BRDA:40,2,1,62
BRDA:48,3,0,0
BRDA:48,3,1,8
BRDA:57,4,0,8
BRDA:57,4,1,8
BRDA:74,5,0,16
BRDA:74,5,1,0
BRDA:75,6,0,16
BRDA:75,6,1,0
BRDA:76,7,0,16
BRDA:77,8,0,16
BRDA:78,9,0,16
BRDA:78,9,1,0
BRDA:79,10,0,0
BRDA:79,10,1,0
BRDA:86,11,0,16
BRDA:87,12,0,16
BRDA:87,12,1,16
BRDA:94,13,0,16
BRDA:94,13,1,0
BRDA:95,14,0,0
BRDA:95,14,1,32
BRDA:102,15,0,0
BRDA:102,15,1,16
BRDA:105,16,0,16
BRDA:105,16,1,0
BRDA:110,17,0,0
BRDA:110,17,1,0
BRDA:120,18,0,0
BRDA:120,18,1,0
BRDA:199,19,0,0
BRDA:235,20,0,0
BRDA:235,20,1,0
BRDA:236,21,0,0
BRDA:236,21,1,0
BRDA:237,22,0,0
BRDA:237,22,1,0
BRDA:238,23,0,0
BRDA:238,23,1,0
BRDA:239,24,0,0
BRDA:239,24,1,0
BRF:46
BRH:20
end_of_record
TN:
SF:src\components\crm-atoms.tsx
FN:11,ActivityIcon
FN:34,StatusBadge
FN:48,PriorityDot
FNF:3
FNH:0
FNDA:0,ActivityIcon
FNDA:0,StatusBadge
FNDA:0,PriorityDot
DA:12,0
DA:24,0
DA:25,0
DA:26,0
DA:35,0
DA:49,0
LF:6
LH:0
BRDA:11,0,0,0
BRDA:24,1,0,0
BRDA:24,1,1,0
BRDA:25,2,0,0
BRDA:25,2,1,0
BRDA:26,3,0,0
BRDA:26,3,1,0
BRDA:42,4,0,0
BRDA:42,4,1,0
BRDA:49,5,0,0
BRDA:49,5,1,0
BRDA:49,6,0,0
BRDA:49,6,1,0
BRF:13
BRH:0
end_of_record
TN:
SF:src\components\new-activity-dialog.tsx
FN:39,NewActivityDialog
FN:51,(anonymous_1)
FN:56,(anonymous_2)
FN:69,(anonymous_3)
FN:135,(anonymous_4)
FN:139,(anonymous_5)
FN:201,(anonymous_6)
FN:204,(anonymous_7)
FN:220,(anonymous_8)
FN:228,(anonymous_9)
FN:248,(anonymous_10)
FN:255,(anonymous_11)
FN:257,(anonymous_12)
FN:287,(anonymous_13)
FNF:14
FNH:3
FNDA:64,NewActivityDialog
FNDA:0,(anonymous_1)
FNDA:0,(anonymous_2)
FNDA:0,(anonymous_3)
FNDA:320,(anonymous_4)
FNDA:0,(anonymous_5)
FNDA:0,(anonymous_6)
FNDA:768,(anonymous_7)
FNDA:0,(anonymous_8)
FNDA:0,(anonymous_9)
FNDA:0,(anonymous_10)
FNDA:0,(anonymous_11)
FNDA:0,(anonymous_12)
FNDA:0,(anonymous_13)
DA:16,8
DA:40,64
DA:41,64
DA:42,64
DA:43,64
DA:45,64
DA:46,64
DA:47,64
DA:48,64
DA:50,64
DA:51,64
DA:52,0
DA:53,0
DA:56,64
DA:57,0
DA:58,0
DA:59,0
DA:67,0
DA:68,0
DA:69,0
DA:70,0
DA:71,0
DA:72,0
DA:73,0
DA:76,0
DA:77,0
DA:80,0
DA:94,0
DA:95,0
DA:97,0
DA:109,0
DA:111,0
DA:112,0
DA:136,320
DA:139,0
DA:201,0
DA:205,768
DA:220,0
DA:228,0
DA:249,0
DA:250,0
DA:251,0
DA:256,0
DA:257,0
DA:259,0
DA:287,0
LF:46
LH:14
BRDA:50,0,0,64
BRDA:50,0,1,0
BRDA:68,1,0,0
BRDA:70,2,0,0
BRDA:71,3,0,0
BRDA:72,4,0,0
BRDA:76,5,0,0
BRDA:76,5,1,0
BRDA:76,6,0,0
BRDA:76,6,1,0
BRDA:76,7,0,0
BRDA:76,7,1,0
BRDA:82,8,0,0
BRDA:82,8,1,0
BRDA:83,9,0,0
BRDA:83,9,1,0
BRDA:84,10,0,0
BRDA:84,10,1,0
BRDA:85,11,0,0
BRDA:85,11,1,0
BRDA:86,12,0,0
BRDA:86,12,1,0
BRDA:87,13,0,0
BRDA:87,13,1,0
BRDA:90,14,0,0
BRDA:90,14,1,0
BRDA:91,15,0,0
BRDA:91,15,1,0
BRDA:118,16,0,64
BRDA:141,17,0,64
BRDA:141,17,1,256
BRDA:211,18,0,64
BRDA:256,19,0,0
BRDA:256,19,1,0
BRDA:263,20,0,0
BRDA:263,20,1,0
BRF:36
BRH:5
end_of_record
TN:
SF:src\components\quick-create-dialogs.tsx
FN:39,Field
FN:63,NewClientDialog
FN:67,(anonymous_2)
FN:77,(anonymous_3)
FN:83,(anonymous_4)
FN:111,(anonymous_5)
FN:153,(anonymous_6)
FN:186,(anonymous_7)
FN:187,(anonymous_8)
FN:234,(anonymous_9)
FN:245,NewProjectDialog
FN:249,(anonymous_12)
FN:255,(anonymous_13)
FN:313,(anonymous_14)
FN:329,NewOpportunityDialog
FN:333,(anonymous_17)
FN:338,(anonymous_18)
FN:387,(anonymous_19)
FN:401,(anonymous_20)
FN:411,NewEventDialog
FN:414,(anonymous_23)
FN:428,(anonymous_24)
FN:446,(anonymous_25)
FN:510,(anonymous_26)
FN:514,(anonymous_27)
FN:554,(anonymous_28)
FN:557,(anonymous_29)
FN:573,(anonymous_30)
FN:581,(anonymous_31)
FN:601,(anonymous_32)
FN:608,(anonymous_33)
FN:610,(anonymous_34)
FN:635,(anonymous_35)
FNF:33
FNH:7
FNDA:0,Field
FNDA:66,NewClientDialog
FNDA:0,(anonymous_2)
FNDA:0,(anonymous_3)
FNDA:0,(anonymous_4)
FNDA:0,(anonymous_5)
FNDA:0,(anonymous_6)
FNDA:0,(anonymous_7)
FNDA:0,(anonymous_8)
FNDA:0,(anonymous_9)
FNDA:58,NewProjectDialog
FNDA:0,(anonymous_12)
FNDA:0,(anonymous_13)
FNDA:0,(anonymous_14)
FNDA:58,NewOpportunityDialog
FNDA:0,(anonymous_17)
FNDA:0,(anonymous_18)
FNDA:870,(anonymous_19)
FNDA:0,(anonymous_20)
FNDA:60,NewEventDialog
FNDA:0,(anonymous_23)
FNDA:0,(anonymous_24)
FNDA:0,(anonymous_25)
FNDA:240,(anonymous_26)
FNDA:0,(anonymous_27)
FNDA:0,(anonymous_28)
FNDA:720,(anonymous_29)
FNDA:0,(anonymous_30)
FNDA:0,(anonymous_31)
FNDA:0,(anonymous_32)
FNDA:0,(anonymous_33)
FNDA:0,(anonymous_34)
FNDA:0,(anonymous_35)
DA:3,8
DA:57,8
DA:58,8
DA:60,8
DA:64,66
DA:65,66
DA:66,66
DA:67,66
DA:68,0
DA:69,0
DA:70,0
DA:73,66
DA:74,66
DA:75,66
DA:77,66
DA:78,0
DA:79,0
DA:80,0
DA:83,66
DA:84,0
DA:85,0
DA:87,0
DA:88,0
DA:89,0
DA:90,0
DA:91,0
DA:92,0
DA:95,0
DA:96,0
DA:97,0
DA:100,0
DA:101,0
DA:102,0
DA:105,0
DA:106,0
DA:107,0
DA:111,0
DA:112,0
DA:113,0
DA:114,0
DA:115,0
DA:116,0
DA:119,0
DA:121,0
DA:144,0
DA:145,0
DA:146,0
DA:147,0
DA:150,0
DA:153,66
DA:154,0
DA:155,0
DA:156,0
DA:157,0
DA:186,0
DA:188,0
DA:190,0
DA:234,0
DA:246,58
DA:247,58
DA:248,58
DA:249,58
DA:250,0
DA:251,0
DA:253,58
DA:255,58
DA:256,0
DA:257,0
DA:258,0
DA:259,0
DA:261,0
DA:277,0
DA:278,0
DA:279,0
DA:280,0
DA:313,0
DA:323,8
DA:330,58
DA:331,58
DA:332,58
DA:333,58
DA:334,0
DA:335,0
DA:338,58
DA:339,0
DA:340,0
DA:341,0
DA:342,0
DA:343,0
DA:345,0
DA:359,0
DA:360,0
DA:361,0
DA:362,0
DA:387,870
DA:401,0
DA:412,60
DA:413,60
DA:414,60
DA:415,0
DA:416,0
DA:419,60
DA:420,60
DA:421,60
DA:423,60
DA:424,60
DA:425,60
DA:426,60
DA:428,60
DA:429,0
DA:430,0
DA:432,0
DA:439,0
DA:440,0
DA:441,0
DA:442,0
DA:444,0
DA:445,0
DA:446,0
DA:447,0
DA:448,0
DA:449,0
DA:450,0
DA:453,0
DA:454,0
DA:457,0
DA:472,0
DA:474,0
DA:485,0
DA:487,0
DA:488,0
DA:489,0
DA:511,240
DA:514,0
DA:554,0
DA:558,720
DA:573,0
DA:581,0
DA:602,0
DA:603,0
DA:604,0
DA:609,0
DA:610,0
DA:612,0
DA:635,0
LF:145
LH:40
BRDA:42,0,0,0
BRDA:66,1,0,66
BRDA:66,1,1,0
BRDA:70,2,0,0
BRDA:88,3,0,0
BRDA:88,3,1,0
BRDA:89,4,0,0
BRDA:89,4,1,0
BRDA:90,5,0,0
BRDA:90,5,1,0
BRDA:91,6,0,0
BRDA:91,6,1,0
BRDA:92,7,0,0
BRDA:92,7,1,0
BRDA:95,8,0,0
BRDA:95,9,0,0
BRDA:95,9,1,0
BRDA:95,9,2,0
BRDA:100,10,0,0
BRDA:100,11,0,0
BRDA:100,11,1,0
BRDA:105,12,0,0
BRDA:105,13,0,0
BRDA:105,13,1,0
BRDA:114,14,0,0
BRDA:114,15,0,0
BRDA:114,15,1,0
BRDA:115,16,0,0
BRDA:115,17,0,0
BRDA:115,17,1,0
BRDA:119,18,0,0
BRDA:119,18,1,0
BRDA:124,19,0,0
BRDA:124,19,1,0
BRDA:125,20,0,0
BRDA:125,20,1,0
BRDA:127,21,0,0
BRDA:127,21,1,0
BRDA:128,22,0,0
BRDA:128,22,1,0
BRDA:129,23,0,0
BRDA:129,23,1,0
BRDA:130,24,0,0
BRDA:130,24,1,0
BRDA:131,25,0,0
BRDA:131,25,1,0
BRDA:133,26,0,0
BRDA:133,26,1,0
BRDA:135,27,0,0
BRDA:135,27,1,0
BRDA:135,27,2,0
BRDA:135,28,0,0
BRDA:135,28,1,0
BRDA:140,29,0,0
BRDA:140,29,1,0
BRDA:141,30,0,0
BRDA:141,30,1,0
BRDA:144,31,0,0
BRDA:163,32,0,66
BRDA:171,33,0,0
BRDA:171,33,1,66
BRDA:174,34,0,0
BRDA:174,34,1,66
BRDA:196,35,0,66
BRDA:248,36,0,58
BRDA:248,36,1,0
BRDA:258,37,0,0
BRDA:258,37,1,0
BRDA:259,38,0,0
BRDA:259,38,1,0
BRDA:265,39,0,0
BRDA:265,39,1,0
BRDA:266,40,0,0
BRDA:266,40,1,0
BRDA:267,41,0,0
BRDA:267,41,1,0
BRDA:269,42,0,0
BRDA:269,42,1,0
BRDA:286,43,0,58
BRDA:332,44,0,58
BRDA:332,44,1,0
BRDA:341,45,0,0
BRDA:341,45,1,0
BRDA:342,46,0,0
BRDA:342,46,1,0
BRDA:343,47,0,0
BRDA:343,47,1,0
BRDA:350,48,0,0
BRDA:350,48,1,0
BRDA:351,49,0,0
BRDA:351,49,1,0
BRDA:353,50,0,0
BRDA:353,50,1,0
BRDA:354,51,0,0
BRDA:354,51,1,0
BRDA:355,52,0,0
BRDA:355,52,1,0
BRDA:356,53,0,0
BRDA:356,53,1,0
BRDA:368,54,0,58
BRDA:413,55,0,60
BRDA:413,55,1,0
BRDA:439,56,0,0
BRDA:439,56,1,0
BRDA:440,57,0,0
BRDA:440,57,1,0
BRDA:441,58,0,0
BRDA:441,58,1,0
BRDA:442,59,0,0
BRDA:442,59,1,0
BRDA:445,60,0,0
BRDA:447,61,0,0
BRDA:448,62,0,0
BRDA:449,63,0,0
BRDA:453,64,0,0
BRDA:453,64,1,0
BRDA:453,65,0,0
BRDA:453,65,1,0
BRDA:453,66,0,0
BRDA:453,66,1,0
BRDA:459,67,0,0
BRDA:459,67,1,0
BRDA:465,68,0,0
BRDA:465,68,1,0
BRDA:468,69,0,0
BRDA:468,69,1,0
BRDA:469,70,0,0
BRDA:469,70,1,0
BRDA:476,71,0,0
BRDA:476,71,1,0
BRDA:476,72,0,0
BRDA:476,72,1,0
BRDA:483,73,0,0
BRDA:483,73,1,0
BRDA:497,74,0,60
BRDA:516,75,0,60
BRDA:516,75,1,180
BRDA:564,76,0,60
BRDA:609,77,0,0
BRDA:609,77,1,0
BRDA:616,78,0,0
BRDA:616,78,1,0
BRF:142
BRH:14
end_of_record
TN:
SF:src\components\ui\accordion.tsx
FNF:0
FNH:0
LF:0
LH:0
BRF:0
BRH:0
end_of_record
TN:
SF:src\components\ui\alert-dialog.tsx
FNF:0
FNH:0
LF:0
LH:0
BRF:0
BRH:0
end_of_record
TN:
SF:src\components\ui\alert.tsx
FNF:0
FNH:0
LF:0
LH:0
BRF:0
BRH:0
end_of_record
TN:
SF:src\components\ui\aspect-ratio.tsx
FNF:0
FNH:0
LF:0
LH:0
BRF:0
BRH:0
end_of_record
TN:
SF:src\components\ui\avatar.tsx
FN:8,(anonymous_0)
FN:20,(anonymous_1)
FN:32,(anonymous_2)
FNF:3
FNH:2
FNDA:906,(anonymous_0)
FNDA:0,(anonymous_1)
FNDA:906,(anonymous_2)
DA:8,8
DA:12,906
DA:18,8
DA:20,8
DA:24,0
DA:30,8
DA:32,8
DA:36,906
DA:45,8
LF:9
LH:8
BRF:0
BRH:0
end_of_record
TN:
SF:src\components\ui\badge.tsx
FNF:0
FNH:0
LF:0
LH:0
BRF:0
BRH:0
end_of_record
TN:
SF:src\components\ui\breadcrumb.tsx
FNF:0
FNH:0
LF:0
LH:0
BRF:0
BRH:0
end_of_record
TN:
SF:src\components\ui\button.tsx
FN:39,(anonymous_0)
FNF:1
FNH:1
FNDA:1224,(anonymous_0)
DA:7,8
DA:39,8
DA:41,1224
DA:47,8
LF:4
LH:4
BRDA:40,0,0,1224
BRDA:41,1,0,0
BRDA:41,1,1,1224
BRF:3
BRH:2
end_of_record
TN:
SF:src\components\ui\calendar.tsx
FNF:0
FNH:0
LF:0
LH:0
BRF:0
BRH:0
end_of_record
TN:
SF:src\components\ui\card.tsx
FNF:0
FNH:0
LF:0
LH:0
BRF:0
BRH:0
end_of_record
TN:
SF:src\components\ui\carousel.tsx
FNF:0
FNH:0
LF:0
LH:0
BRF:0
BRH:0
end_of_record
TN:
SF:src\components\ui\chart.tsx
FNF:0
FNH:0
LF:0
LH:0
BRF:0
BRH:0
end_of_record
TN:
SF:src\components\ui\checkbox.tsx
FNF:0
FNH:0
LF:0
LH:0
BRF:0
BRH:0
end_of_record
TN:
SF:src\components\ui\collapsible.tsx
FNF:0
FNH:0
LF:0
LH:0
BRF:0
BRH:0
end_of_record
TN:
SF:src\components\ui\command.tsx
FNF:0
FNH:0
LF:0
LH:0
BRF:0
BRH:0
end_of_record
TN:
SF:src\components\ui\context-menu.tsx
FNF:0
FNH:0
LF:0
LH:0
BRF:0
BRH:0
end_of_record
TN:
SF:src\components\ui\dialog.tsx
FN:17,(anonymous_0)
FN:32,(anonymous_1)
FN:72,(anonymous_4)
FN:84,(anonymous_5)
FNF:4
FNH:4
FNDA:192,(anonymous_0)
FNDA:634,(anonymous_1)
FNDA:174,(anonymous_4)
FNDA:98,(anonymous_5)
DA:9,8
DA:11,8
DA:13,8
DA:15,8
DA:17,8
DA:21,192
DA:30,8
DA:32,8
DA:36,634
DA:57,8
DA:62,8
DA:70,8
DA:72,8
DA:76,174
DA:82,8
DA:84,8
DA:88,98
DA:94,8
LF:18
LH:18
BRF:0
BRH:0
end_of_record
TN:
SF:src\components\ui\drawer.tsx
FNF:0
FNH:0
LF:0
LH:0
BRF:0
BRH:0
end_of_record
TN:
SF:src\components\ui\dropdown-menu.tsx
FN:21,(anonymous_0)
FN:42,(anonymous_1)
FN:57,(anonymous_2)
FN:76,(anonymous_3)
FN:94,(anonymous_4)
FN:117,(anonymous_5)
FN:139,(anonymous_6)
FN:153,(anonymous_7)
FN:165,(anonymous_8)
FNF:9
FNH:1
FNDA:0,(anonymous_0)
FNDA:0,(anonymous_1)
FNDA:170,(anonymous_2)
FNDA:0,(anonymous_3)
FNDA:0,(anonymous_4)
FNDA:0,(anonymous_5)
FNDA:0,(anonymous_6)
FNDA:0,(anonymous_7)
FNDA:0,(anonymous_8)
DA:9,8
DA:11,8
DA:13,8
DA:15,8
DA:17,8
DA:19,8
DA:21,8
DA:27,0
DA:40,8
DA:42,8
DA:46,0
DA:55,8
DA:57,8
DA:61,170
DA:74,8
DA:76,8
DA:82,0
DA:92,8
DA:94,8
DA:98,0
DA:115,8
DA:117,8
DA:121,0
DA:137,8
DA:139,8
DA:145,0
DA:151,8
DA:153,8
DA:157,0
DA:163,8
DA:165,8
DA:170,8
LF:32
LH:25
BRDA:31,0,0,0
BRDA:31,0,1,0
BRDA:60,1,0,170
BRDA:86,2,0,0
BRDA:86,2,1,0
BRDA:147,3,0,0
BRDA:147,3,1,0
BRF:7
BRH:1
end_of_record
TN:
SF:src\components\ui\form.tsx
FNF:0
FNH:0
LF:0
LH:0
BRF:0
BRH:0
end_of_record
TN:
SF:src\components\ui\hover-card.tsx
FNF:0
FNH:0
LF:0
LH:0
BRF:0
BRH:0
end_of_record
TN:
SF:src\components\ui\input-otp.tsx
FNF:0
FNH:0
LF:0
LH:0
BRF:0
BRH:0
end_of_record
TN:
SF:src\components\ui\input.tsx
FN:5,(anonymous_0)
FNF:1
FNH:1
FNDA:344,(anonymous_0)
DA:5,8
DA:20,8
LF:2
LH:2
BRF:0
BRH:0
end_of_record
TN:
SF:src\components\ui\label.tsx
FN:13,(anonymous_0)
FNF:1
FNH:1
FNDA:590,(anonymous_0)
DA:9,8
DA:13,8
DA:17,590
DA:19,8
LF:4
LH:4
BRF:0
BRH:0
end_of_record
TN:
SF:src\components\ui\menubar.tsx
FNF:0
FNH:0
LF:0
LH:0
BRF:0
BRH:0
end_of_record
TN:
SF:src\components\ui\navigation-menu.tsx
FNF:0
FNH:0
LF:0
LH:0
BRF:0
BRH:0
end_of_record
TN:
SF:src\components\ui\pagination.tsx
FNF:0
FNH:0
LF:0
LH:0
BRF:0
BRH:0
end_of_record
TN:
SF:src\components\ui\popover.tsx
FN:12,(anonymous_0)
FNF:1
FNH:0
FNDA:0,(anonymous_0)
DA:6,8
DA:8,8
DA:10,8
DA:12,8
DA:16,0
DA:29,8
LF:6
LH:5
BRDA:15,0,0,0
BRDA:15,1,0,0
BRF:2
BRH:0
end_of_record
TN:
SF:src\components\ui\progress.tsx
FNF:0
FNH:0
LF:0
LH:0
BRF:0
BRH:0
end_of_record
TN:
SF:src\components\ui\radio-group.tsx
FNF:0
FNH:0
LF:0
LH:0
BRF:0
BRH:0
end_of_record
TN:
SF:src\components\ui\resizable.tsx
FNF:0
FNH:0
LF:0
LH:0
BRF:0
BRH:0
end_of_record
TN:
SF:src\components\ui\scroll-area.tsx
FNF:0
FNH:0
LF:0
LH:0
BRF:0
BRH:0
end_of_record
TN:
SF:src\components\ui\select.tsx
FNF:0
FNH:0
LF:0
LH:0
BRF:0
BRH:0
end_of_record
TN:
SF:src\components\ui\separator.tsx
FNF:0
FNH:0
LF:0
LH:0
BRF:0
BRH:0
end_of_record
TN:
SF:src\components\ui\sheet.tsx
FN:18,(anonymous_0)
FN:57,(anonymous_1)
FN:87,(anonymous_4)
FN:99,(anonymous_5)
FNF:4
FNH:1
FNDA:0,(anonymous_0)
FNDA:46,(anonymous_1)
FNDA:0,(anonymous_4)
FNDA:0,(anonymous_5)
DA:10,8
DA:12,8
DA:14,8
DA:16,8
DA:18,8
DA:22,0
DA:31,8
DA:33,8
DA:57,8
DA:61,46
DA:72,8
DA:77,8
DA:85,8
DA:87,8
DA:91,0
DA:97,8
DA:99,8
DA:103,0
DA:109,8
LF:19
LH:16
BRDA:60,0,0,0
BRF:1
BRH:0
end_of_record
TN:
SF:src\components\ui\sidebar.tsx
FNF:0
FNH:0
LF:0
LH:0
BRF:0
BRH:0
end_of_record
TN:
SF:src\components\ui\skeleton.tsx
FNF:0
FNH:0
LF:0
LH:0
BRF:0
BRH:0
end_of_record
TN:
SF:src\components\ui\slider.tsx
FNF:0
FNH:0
LF:0
LH:0
BRF:0
BRH:0
end_of_record
TN:
SF:src\components\ui\sonner.tsx
FN:5,(anonymous_0)
FNF:1
FNH:1
FNDA:48,(anonymous_0)
DA:5,8
LF:1
LH:1
BRF:0
BRH:0
end_of_record
TN:
SF:src\components\ui\switch.tsx
FN:6,(anonymous_0)
FNF:1
FNH:0
FNDA:0,(anonymous_0)
DA:6,8
DA:10,0
DA:25,8
LF:3
LH:2
BRF:0
BRH:0
end_of_record
TN:
SF:src\components\ui\table.tsx
FNF:0
FNH:0
LF:0
LH:0
BRF:0
BRH:0
end_of_record
TN:
SF:src\components\ui\tabs.tsx
FN:8,(anonymous_0)
FN:23,(anonymous_1)
FN:38,(anonymous_2)
FNF:3
FNH:0
FNDA:0,(anonymous_0)
FNDA:0,(anonymous_1)
FNDA:0,(anonymous_2)
DA:6,8
DA:8,8
DA:12,0
DA:21,8
DA:23,8
DA:27,0
DA:36,8
DA:38,8
DA:42,0
DA:51,8
LF:10
LH:7
BRF:0
BRH:0
end_of_record
TN:
SF:src\components\ui\textarea.tsx
FNF:0
FNH:0
LF:0
LH:0
BRF:0
BRH:0
end_of_record
TN:
SF:src\components\ui\toggle-group.tsx
FNF:0
FNH:0
LF:0
LH:0
BRF:0
BRH:0
end_of_record
TN:
SF:src\components\ui\toggle.tsx
FNF:0
FNH:0
LF:0
LH:0
BRF:0
BRH:0
end_of_record
TN:
SF:src\components\ui\tooltip.tsx
FNF:0
FNH:0
LF:0
LH:0
BRF:0
BRH:0
end_of_record
TN:
SF:src\hooks\use-filtered-collection.ts
FN:10,useFilteredCollection
FN:14,(anonymous_1)
FN:20,(anonymous_2)
FN:21,(anonymous_3)
FNF:4
FNH:0
FNDA:0,useFilteredCollection
FNDA:0,(anonymous_1)
FNDA:0,(anonymous_2)
FNDA:0,(anonymous_3)
DA:14,0
DA:15,0
DA:16,0
DA:19,0
DA:20,0
DA:21,0
DA:22,0
DA:23,0
DA:24,0
DA:30,0
DA:31,0
DA:32,0
DA:37,0
DA:38,0
DA:41,0
LF:15
LH:0
BRDA:19,0,0,0
BRDA:19,1,0,0
BRDA:19,1,1,0
BRDA:23,2,0,0
BRDA:23,3,0,0
BRDA:23,3,1,0
BRDA:30,4,0,0
BRDA:30,5,0,0
BRDA:30,5,1,0
BRDA:37,6,0,0
BRF:10
BRH:0
end_of_record
TN:
SF:src\hooks\use-mobile.tsx
FNF:0
FNH:0
LF:0
LH:0
BRF:0
BRH:0
end_of_record
TN:
SF:src\hooks\use-page-meta.ts
FN:3,usePageMeta
FN:4,(anonymous_1)
FNF:2
FNH:2
FNDA:320,usePageMeta
FNDA:16,(anonymous_1)
DA:4,320
DA:5,16
DA:6,16
DA:7,16
DA:8,16
DA:9,0
DA:10,0
DA:11,0
DA:13,16
LF:9
LH:6
BRDA:6,0,0,16
BRDA:8,1,0,0
BRF:2
BRH:1
end_of_record
TN:
SF:src\hooks\use-virtualizer.ts
FN:16,useVirtualizer
FN:27,(anonymous_1)
FN:30,(anonymous_2)
FN:34,(anonymous_3)
FN:42,(anonymous_4)
FN:63,(anonymous_5)
FN:64,(anonymous_6)
FNF:7
FNH:0
FNDA:0,useVirtualizer
FNDA:0,(anonymous_1)
FNDA:0,(anonymous_2)
FNDA:0,(anonymous_3)
FNDA:0,(anonymous_4)
FNDA:0,(anonymous_5)
FNDA:0,(anonymous_6)
DA:22,0
DA:23,0
DA:25,0
DA:27,0
DA:28,0
DA:30,0
DA:31,0
DA:34,0
DA:35,0
DA:38,0
DA:40,0
DA:42,0
DA:43,0
DA:47,0
DA:48,0
DA:50,0
DA:51,0
DA:53,0
DA:54,0
DA:55,0
DA:62,0
DA:63,0
DA:64,0
LF:23
LH:0
BRDA:20,0,0,0
BRDA:28,1,0,0
BRDA:35,2,0,0
BRDA:35,2,1,0
BRF:4
BRH:0
end_of_record
TN:
SF:src\lib\crm-data.ts
FN:65,eventsForClient
FN:66,(anonymous_1)
FN:68,(anonymous_2)
FN:69,(anonymous_3)
FN:74,clientHistorySummary
FN:159,projectsForCompany
FN:161,(anonymous_6)
FN:166,projectForCompany
FNF:8
FNH:0
FNDA:0,eventsForClient
FNDA:0,(anonymous_1)
FNDA:0,(anonymous_2)
FNDA:0,(anonymous_3)
FNDA:0,clientHistorySummary
FNDA:0,projectsForCompany
FNDA:0,(anonymous_6)
FNDA:0,projectForCompany
DA:30,8
DA:31,8
DA:63,8
DA:66,0
DA:67,0
DA:68,0
DA:69,0
DA:75,0
DA:76,0
DA:88,8
DA:121,8
DA:123,8
DA:157,8
DA:160,0
DA:161,0
DA:162,0
DA:167,0
DA:182,8
DA:183,8
LF:19
LH:9
BRDA:79,0,0,0
BRDA:79,0,1,0
BRDA:82,1,0,0
BRDA:82,1,1,0
BRDA:162,2,0,0
BRDA:162,2,1,0
BRF:6
BRH:0
end_of_record
TN:
SF:src\lib\error-capture.ts
FNF:0
FNH:0
LF:0
LH:0
BRF:0
BRH:0
end_of_record
TN:
SF:src\lib\error-page.ts
FNF:0
FNH:0
LF:0
LH:0
BRF:0
BRH:0
end_of_record
TN:
SF:src\lib\lovable-error-reporting.ts
FNF:0
FNH:0
LF:0
LH:0
BRF:0
BRH:0
end_of_record
TN:
SF:src\lib\store.tsx
FN:28,CRMProvider
FN:37,(anonymous_1)
FN:55,(anonymous_2)
FN:79,useCRM
FNF:4
FNH:4
FNDA:42,CRMProvider
FNDA:16,(anonymous_1)
FNDA:29,(anonymous_2)
FNDA:626,useCRM
DA:26,8
DA:29,42
DA:30,42
DA:31,42
DA:32,42
DA:33,42
DA:34,42
DA:35,42
DA:37,42
DA:38,16
DA:39,16
DA:40,16
DA:41,16
DA:42,16
DA:43,16
DA:44,16
DA:45,16
DA:46,16
DA:47,16
DA:50,0
DA:52,16
DA:55,42
DA:56,29
DA:57,13
DA:63,42
DA:80,626
DA:81,626
DA:82,626
LF:28
LH:27
BRDA:40,0,0,16
BRDA:42,1,0,16
BRDA:43,2,0,16
BRDA:44,3,0,16
BRDA:45,4,0,16
BRDA:46,5,0,16
BRDA:47,6,0,16
BRDA:56,7,0,16
BRDA:63,8,0,16
BRDA:81,9,0,0
BRF:10
BRH:9
end_of_record
TN:
SF:src\lib\utils.ts
FN:4,cn
FNF:1
FNH:1
FNDA:6566,cn
DA:5,6566
LF:1
LH:1
BRF:0
BRH:0
end_of_record
TN:
SF:src\routes\__root.tsx
FNF:0
FNH:0
LF:0
LH:0
BRF:0
BRH:0
end_of_record
TN:
SF:src\routes\_app.activities.tsx
FN:57,getAbsoluteDate
FN:84,getActivityDateTime
FN:92,getDayDiff
FN:101,isGroupVisible
FN:120,isSameDay
FN:124,matchesDate
FN:157,ActivitiesPage
FN:199,(anonymous_7)
FN:205,(anonymous_8)
FN:228,(anonymous_9)
FN:229,(anonymous_10)
FN:232,(anonymous_11)
FN:235,(anonymous_12)
FN:236,(anonymous_13)
FN:237,(anonymous_14)
FN:239,(anonymous_15)
FN:242,(anonymous_16)
FN:245,(anonymous_17)
FN:253,(anonymous_18)
FN:259,(anonymous_19)
FN:268,(anonymous_20)
FN:278,(anonymous_21)
FN:299,(anonymous_22)
FN:309,(anonymous_23)
FN:310,(anonymous_24)
FN:314,(anonymous_25)
FN:330,(anonymous_26)
FN:333,(anonymous_27)
FN:337,(anonymous_28)
FN:369,(anonymous_29)
FN:370,(anonymous_30)
FN:371,(anonymous_31)
FN:372,(anonymous_32)
FN:373,(anonymous_33)
FN:374,(anonymous_34)
FN:375,(anonymous_35)
FN:401,(anonymous_36)
FN:411,(anonymous_37)
FN:412,(anonymous_38)
FN:416,(anonymous_39)
FN:418,(anonymous_40)
FN:426,(anonymous_41)
FN:429,(anonymous_42)
FN:433,(anonymous_43)
FN:434,(anonymous_44)
FN:451,(anonymous_45)
FN:454,(anonymous_46)
FN:457,(anonymous_47)
FN:458,(anonymous_48)
FN:469,(anonymous_49)
FN:476,(anonymous_50)
FN:483,(anonymous_51)
FN:484,(anonymous_52)
FN:490,(anonymous_53)
FN:496,(anonymous_54)
FN:505,(anonymous_55)
FN:519,(anonymous_56)
FN:528,(anonymous_57)
FN:529,(anonymous_58)
FN:537,(anonymous_59)
FN:544,(anonymous_60)
FN:550,(anonymous_61)
FN:551,(anonymous_62)
FN:560,(anonymous_63)
FN:567,(anonymous_64)
FN:578,(anonymous_65)
FN:584,(anonymous_66)
FN:595,(anonymous_67)
FN:599,(anonymous_68)
FN:600,(anonymous_69)
FN:609,(anonymous_70)
FN:643,(anonymous_71)
FN:680,(anonymous_72)
FN:681,(anonymous_73)
FN:701,(anonymous_74)
FN:720,(anonymous_75)
FN:723,(anonymous_76)
FN:739,(anonymous_77)
FN:759,(anonymous_78)
FN:773,(anonymous_79)
FN:786,(anonymous_80)
FN:790,(anonymous_81)
FN:790,(anonymous_82)
FN:797,(anonymous_83)
FN:813,(anonymous_84)
FN:836,(anonymous_85)
FN:839,(anonymous_86)
FN:855,(anonymous_87)
FN:865,(anonymous_88)
FN:875,(anonymous_89)
FN:885,(anonymous_90)
FN:906,(anonymous_91)
FN:910,(anonymous_92)
FN:911,(anonymous_93)
FN:919,(anonymous_94)
FN:923,(anonymous_95)
FN:924,(anonymous_96)
FN:932,(anonymous_97)
FN:936,(anonymous_98)
FN:937,(anonymous_99)
FN:945,(anonymous_100)
FN:949,(anonymous_101)
FN:950,(anonymous_102)
FN:969,(anonymous_103)
FN:979,(anonymous_104)
FN:983,(anonymous_105)
FN:1008,(anonymous_106)
FN:1009,(anonymous_107)
FN:1010,(anonymous_108)
FN:1016,(anonymous_109)
FN:1058,(anonymous_110)
FN:1059,(anonymous_111)
FN:1060,(anonymous_112)
FN:1066,(anonymous_113)
FN:1088,(anonymous_114)
FN:1092,(anonymous_115)
FN:1102,(anonymous_116)
FN:1140,(anonymous_117)
FN:1149,(anonymous_118)
FN:1158,(anonymous_119)
FN:1170,(anonymous_120)
FN:1173,(anonymous_121)
FN:1177,(anonymous_122)
FN:1213,(anonymous_123)
FN:1258,(anonymous_124)
FN:1340,(anonymous_125)
FN:1348,(anonymous_126)
FN:1357,(anonymous_127)
FN:1365,(anonymous_128)
FN:1376,(anonymous_129)
FN:1379,(anonymous_130)
FN:1395,(anonymous_131)
FN:1403,(anonymous_132)
FN:1423,(anonymous_133)
FN:1430,(anonymous_134)
FN:1432,(anonymous_135)
FN:1457,(anonymous_136)
FN:1463,(anonymous_137)
FN:1474,(anonymous_138)
FN:1513,(anonymous_139)
FN:1523,(anonymous_140)
FN:1533,(anonymous_141)
FN:1543,(anonymous_142)
FN:1553,(anonymous_143)
FN:1572,(anonymous_144)
FN:1583,(anonymous_145)
FN:1611,(anonymous_146)
FN:1621,(anonymous_147)
FN:1632,(anonymous_148)
FN:1638,(anonymous_149)
FN:1652,UserIconRole
FN:1659,AvatarFallbackIcon
FNF:152
FNH:0
FNDA:0,getAbsoluteDate
FNDA:0,getActivityDateTime
FNDA:0,getDayDiff
FNDA:0,isGroupVisible
FNDA:0,isSameDay
FNDA:0,matchesDate
FNDA:0,ActivitiesPage
FNDA:0,(anonymous_7)
FNDA:0,(anonymous_8)
FNDA:0,(anonymous_9)
FNDA:0,(anonymous_10)
FNDA:0,(anonymous_11)
FNDA:0,(anonymous_12)
FNDA:0,(anonymous_13)
FNDA:0,(anonymous_14)
FNDA:0,(anonymous_15)
FNDA:0,(anonymous_16)
FNDA:0,(anonymous_17)
FNDA:0,(anonymous_18)
FNDA:0,(anonymous_19)
FNDA:0,(anonymous_20)
FNDA:0,(anonymous_21)
FNDA:0,(anonymous_22)
FNDA:0,(anonymous_23)
FNDA:0,(anonymous_24)
FNDA:0,(anonymous_25)
FNDA:0,(anonymous_26)
FNDA:0,(anonymous_27)
FNDA:0,(anonymous_28)
FNDA:0,(anonymous_29)
FNDA:0,(anonymous_30)
FNDA:0,(anonymous_31)
FNDA:0,(anonymous_32)
FNDA:0,(anonymous_33)
FNDA:0,(anonymous_34)
FNDA:0,(anonymous_35)
FNDA:0,(anonymous_36)
FNDA:0,(anonymous_37)
FNDA:0,(anonymous_38)
FNDA:0,(anonymous_39)
FNDA:0,(anonymous_40)
FNDA:0,(anonymous_41)
FNDA:0,(anonymous_42)
FNDA:0,(anonymous_43)
FNDA:0,(anonymous_44)
FNDA:0,(anonymous_45)
FNDA:0,(anonymous_46)
FNDA:0,(anonymous_47)
FNDA:0,(anonymous_48)
FNDA:0,(anonymous_49)
FNDA:0,(anonymous_50)
FNDA:0,(anonymous_51)
FNDA:0,(anonymous_52)
FNDA:0,(anonymous_53)
FNDA:0,(anonymous_54)
FNDA:0,(anonymous_55)
FNDA:0,(anonymous_56)
FNDA:0,(anonymous_57)
FNDA:0,(anonymous_58)
FNDA:0,(anonymous_59)
FNDA:0,(anonymous_60)
FNDA:0,(anonymous_61)
FNDA:0,(anonymous_62)
FNDA:0,(anonymous_63)
FNDA:0,(anonymous_64)
FNDA:0,(anonymous_65)
FNDA:0,(anonymous_66)
FNDA:0,(anonymous_67)
FNDA:0,(anonymous_68)
FNDA:0,(anonymous_69)
FNDA:0,(anonymous_70)
FNDA:0,(anonymous_71)
FNDA:0,(anonymous_72)
FNDA:0,(anonymous_73)
FNDA:0,(anonymous_74)
FNDA:0,(anonymous_75)
FNDA:0,(anonymous_76)
FNDA:0,(anonymous_77)
FNDA:0,(anonymous_78)
FNDA:0,(anonymous_79)
FNDA:0,(anonymous_80)
FNDA:0,(anonymous_81)
FNDA:0,(anonymous_82)
FNDA:0,(anonymous_83)
FNDA:0,(anonymous_84)
FNDA:0,(anonymous_85)
FNDA:0,(anonymous_86)
FNDA:0,(anonymous_87)
FNDA:0,(anonymous_88)
FNDA:0,(anonymous_89)
FNDA:0,(anonymous_90)
FNDA:0,(anonymous_91)
FNDA:0,(anonymous_92)
FNDA:0,(anonymous_93)
FNDA:0,(anonymous_94)
FNDA:0,(anonymous_95)
FNDA:0,(anonymous_96)
FNDA:0,(anonymous_97)
FNDA:0,(anonymous_98)
FNDA:0,(anonymous_99)
FNDA:0,(anonymous_100)
FNDA:0,(anonymous_101)
FNDA:0,(anonymous_102)
FNDA:0,(anonymous_103)
FNDA:0,(anonymous_104)
FNDA:0,(anonymous_105)
FNDA:0,(anonymous_106)
FNDA:0,(anonymous_107)
FNDA:0,(anonymous_108)
FNDA:0,(anonymous_109)
FNDA:0,(anonymous_110)
FNDA:0,(anonymous_111)
FNDA:0,(anonymous_112)
FNDA:0,(anonymous_113)
FNDA:0,(anonymous_114)
FNDA:0,(anonymous_115)
FNDA:0,(anonymous_116)
FNDA:0,(anonymous_117)
FNDA:0,(anonymous_118)
FNDA:0,(anonymous_119)
FNDA:0,(anonymous_120)
FNDA:0,(anonymous_121)
FNDA:0,(anonymous_122)
FNDA:0,(anonymous_123)
FNDA:0,(anonymous_124)
FNDA:0,(anonymous_125)
FNDA:0,(anonymous_126)
FNDA:0,(anonymous_127)
FNDA:0,(anonymous_128)
FNDA:0,(anonymous_129)
FNDA:0,(anonymous_130)
FNDA:0,(anonymous_131)
FNDA:0,(anonymous_132)
FNDA:0,(anonymous_133)
FNDA:0,(anonymous_134)
FNDA:0,(anonymous_135)
FNDA:0,(anonymous_136)
FNDA:0,(anonymous_137)
FNDA:0,(anonymous_138)
FNDA:0,(anonymous_139)
FNDA:0,(anonymous_140)
FNDA:0,(anonymous_141)
FNDA:0,(anonymous_142)
FNDA:0,(anonymous_143)
FNDA:0,(anonymous_144)
FNDA:0,(anonymous_145)
FNDA:0,(anonymous_146)
FNDA:0,(anonymous_147)
FNDA:0,(anonymous_148)
FNDA:0,(anonymous_149)
FNDA:0,UserIconRole
FNDA:0,AvatarFallbackIcon
DA:24,8
DA:25,8
DA:37,8
DA:52,8
DA:55,8
DA:58,0
DA:59,0
DA:60,0
DA:62,0
DA:63,0
DA:64,0
DA:65,0
DA:67,0
DA:68,0
DA:69,0
DA:70,0
DA:72,0
DA:73,0
DA:74,0
DA:75,0
DA:77,0
DA:78,0
DA:79,0
DA:81,0
DA:85,0
DA:86,0
DA:87,0
DA:88,0
DA:89,0
DA:93,0
DA:94,0
DA:95,0
DA:96,0
DA:97,0
DA:98,0
DA:102,0
DA:103,0
DA:104,0
DA:106,0
DA:107,0
DA:108,0
DA:109,0
DA:110,0
DA:111,0
DA:112,0
DA:113,0
DA:114,0
DA:115,0
DA:117,0
DA:121,0
DA:125,0
DA:126,0
DA:127,0
DA:128,0
DA:130,0
DA:131,0
DA:132,0
DA:133,0
DA:134,0
DA:135,0
DA:136,0
DA:137,0
DA:138,0
DA:140,0
DA:141,0
DA:142,0
DA:143,0
DA:145,0
DA:146,0
DA:147,0
DA:148,0
DA:149,0
DA:150,0
DA:151,0
DA:153,0
DA:154,0
DA:158,0
DA:160,0
DA:161,0
DA:163,0
DA:164,0
DA:165,0
DA:166,0
DA:167,0
DA:168,0
DA:169,0
DA:170,0
DA:171,0
DA:172,0
DA:173,0
DA:174,0
DA:178,0
DA:179,0
DA:180,0
DA:181,0
DA:182,0
DA:183,0
DA:184,0
DA:185,0
DA:186,0
DA:187,0
DA:188,0
DA:189,0
DA:190,0
DA:191,0
DA:192,0
DA:194,0
DA:195,0
DA:196,0
DA:197,0
DA:199,0
DA:200,0
DA:201,0
DA:202,0
DA:203,0
DA:205,0
DA:206,0
DA:207,0
DA:209,0
DA:210,0
DA:211,0
DA:212,0
DA:213,0
DA:214,0
DA:216,0
DA:217,0
DA:218,0
DA:219,0
DA:220,0
DA:221,0
DA:228,0
DA:229,0
DA:230,0
DA:232,0
DA:235,0
DA:236,0
DA:237,0
DA:239,0
DA:242,0
DA:243,0
DA:244,0
DA:245,0
DA:246,0
DA:247,0
DA:248,0
DA:253,0
DA:255,0
DA:259,0
DA:260,0
DA:261,0
DA:262,0
DA:264,0
DA:268,0
DA:269,0
DA:270,0
DA:271,0
DA:278,0
DA:279,0
DA:280,0
DA:282,0
DA:283,0
DA:284,0
DA:285,0
DA:299,0
DA:300,0
DA:301,0
DA:302,0
DA:305,0
DA:309,0
DA:310,0
DA:311,0
DA:313,0
DA:314,0
DA:315,0
DA:319,0
DA:321,0
DA:325,0
DA:330,0
DA:333,0
DA:334,0
DA:337,0
DA:338,0
DA:340,0
DA:341,0
DA:342,0
DA:343,0
DA:345,0
DA:346,0
DA:347,0
DA:348,0
DA:350,0
DA:351,0
DA:352,0
DA:354,0
DA:355,0
DA:357,0
DA:358,0
DA:359,0
DA:360,0
DA:362,0
DA:363,0
DA:366,0
DA:369,0
DA:370,0
DA:371,0
DA:372,0
DA:373,0
DA:374,0
DA:376,0
DA:377,0
DA:378,0
DA:379,0
DA:380,0
DA:381,0
DA:384,0
DA:385,0
DA:386,0
DA:387,0
DA:388,0
DA:389,0
DA:390,0
DA:391,0
DA:392,0
DA:395,0
DA:397,0
DA:401,0
DA:403,0
DA:409,0
DA:411,0
DA:412,0
DA:416,0
DA:417,0
DA:418,0
DA:419,0
DA:420,0
DA:423,0
DA:426,0
DA:427,0
DA:429,0
DA:431,0
DA:432,0
DA:433,0
DA:434,0
DA:435,0
DA:436,0
DA:438,0
DA:439,0
DA:448,0
DA:449,0
DA:451,0
DA:454,0
DA:455,0
DA:456,0
DA:457,0
DA:458,0
DA:459,0
DA:460,0
DA:462,0
DA:463,0
DA:469,0
DA:470,0
DA:471,0
DA:472,0
DA:476,0
DA:477,0
DA:478,0
DA:479,0
DA:483,0
DA:484,0
DA:485,0
DA:486,0
DA:487,0
DA:488,0
DA:490,0
DA:491,0
DA:492,0
DA:493,0
DA:496,0
DA:497,0
DA:498,0
DA:499,0
DA:500,0
DA:503,0
DA:504,0
DA:505,0
DA:506,0
DA:507,0
DA:508,0
DA:509,0
DA:512,0
DA:513,0
DA:516,0
DA:517,0
DA:519,0
DA:520,0
DA:521,0
DA:522,0
DA:523,0
DA:524,0
DA:528,0
DA:529,0
DA:530,0
DA:531,0
DA:532,0
DA:535,0
DA:537,0
DA:538,0
DA:540,0
DA:541,0
DA:542,0
DA:543,0
DA:544,0
DA:545,0
DA:550,0
DA:551,0
DA:552,0
DA:553,0
DA:554,0
DA:557,0
DA:559,0
DA:560,0
DA:561,0
DA:563,0
DA:564,0
DA:565,0
DA:566,0
DA:567,0
DA:568,0
DA:570,0
DA:571,0
DA:572,0
DA:573,0
DA:574,0
DA:575,0
DA:578,0
DA:579,0
DA:580,0
DA:581,0
DA:584,0
DA:585,0
DA:586,0
DA:589,0
DA:591,0
DA:592,0
DA:595,0
DA:596,0
DA:597,0
DA:598,0
DA:599,0
DA:600,0
DA:601,0
DA:602,0
DA:603,0
DA:604,0
DA:609,0
DA:610,0
DA:611,0
DA:612,0
DA:613,0
DA:615,0
DA:616,0
DA:617,0
DA:618,0
DA:619,0
DA:620,0
DA:621,0
DA:622,0
DA:623,0
DA:624,0
DA:625,0
DA:626,0
DA:627,0
DA:628,0
DA:629,0
DA:630,0
DA:631,0
DA:632,0
DA:633,0
DA:634,0
DA:635,0
DA:636,0
DA:637,0
DA:638,0
DA:639,0
DA:643,0
DA:644,0
DA:645,0
DA:647,0
DA:655,0
DA:668,0
DA:669,0
DA:670,0
DA:672,0
DA:676,0
DA:677,0
DA:680,0
DA:681,0
DA:702,0
DA:703,0
DA:704,0
DA:705,0
DA:721,0
DA:723,0
DA:739,0
DA:759,0
DA:773,0
DA:786,0
DA:790,0
DA:791,0
DA:798,0
DA:799,0
DA:800,0
DA:814,0
DA:815,0
DA:816,0
DA:817,0
DA:818,0
DA:819,0
DA:820,0
DA:837,0
DA:839,0
DA:855,0
DA:865,0
DA:875,0
DA:885,0
DA:907,0
DA:908,0
DA:910,0
DA:911,0
DA:920,0
DA:921,0
DA:923,0
DA:924,0
DA:933,0
DA:934,0
DA:936,0
DA:937,0
DA:946,0
DA:947,0
DA:949,0
DA:950,0
DA:970,0
DA:971,0
DA:972,0
DA:973,0
DA:975,0
DA:980,0
DA:981,0
DA:983,0
DA:1008,0
DA:1009,0
DA:1010,0
DA:1016,0
DA:1058,0
DA:1059,0
DA:1060,0
DA:1066,0
DA:1089,0
DA:1090,0
DA:1092,0
DA:1102,0
DA:1140,0
DA:1149,0
DA:1158,0
DA:1170,0
DA:1173,0
DA:1177,0
DA:1213,0
DA:1258,0
DA:1340,0
DA:1348,0
DA:1357,0
DA:1365,0
DA:1376,0
DA:1380,0
DA:1395,0
DA:1403,0
DA:1424,0
DA:1425,0
DA:1426,0
DA:1431,0
DA:1432,0
DA:1434,0
DA:1457,0
DA:1463,0
DA:1474,0
DA:1513,0
DA:1523,0
DA:1533,0
DA:1543,0
DA:1553,0
DA:1572,0
DA:1583,0
DA:1611,0
DA:1621,0
DA:1632,0
DA:1638,0
DA:1653,0
LF:498
LH:5
BRDA:59,0,0,0
BRDA:62,1,0,0
BRDA:67,2,0,0
BRDA:72,3,0,0
BRDA:78,4,0,0
BRDA:88,5,0,0
BRDA:88,5,1,0
BRDA:88,6,0,0
BRDA:88,6,1,0
BRDA:103,7,0,0
BRDA:104,8,0,0
BRDA:104,8,1,0
BRDA:106,9,0,0
BRDA:115,10,0,0
BRDA:115,10,1,0
BRDA:121,11,0,0
BRDA:121,11,1,0
BRDA:121,11,2,0
BRDA:121,11,3,0
BRDA:121,11,4,0
BRDA:125,12,0,0
BRDA:131,13,0,0
BRDA:134,14,0,0
BRDA:135,15,0,0
BRDA:140,16,0,0
BRDA:145,17,0,0
BRDA:151,18,0,0
BRDA:151,18,1,0
BRDA:153,19,0,0
BRDA:200,20,0,0
BRDA:200,21,0,0
BRDA:200,21,1,0
BRDA:202,22,0,0
BRDA:202,22,1,0
BRDA:206,23,0,0
BRDA:206,23,1,0
BRDA:211,24,0,0
BRDA:214,25,0,0
BRDA:214,25,1,0
BRDA:214,26,0,0
BRDA:214,26,1,0
BRDA:214,27,0,0
BRDA:214,27,1,0
BRDA:217,28,0,0
BRDA:218,29,0,0
BRDA:219,30,0,0
BRDA:220,31,0,0
BRDA:246,32,0,0
BRDA:282,33,0,0
BRDA:282,33,1,0
BRDA:311,34,0,0
BRDA:315,35,0,0
BRDA:315,35,1,0
BRDA:334,36,0,0
BRDA:334,36,1,0
BRDA:338,37,0,0
BRDA:345,38,0,0
BRDA:345,38,1,0
BRDA:347,39,0,0
BRDA:347,39,1,0
BRDA:354,40,0,0
BRDA:354,40,1,0
BRDA:362,41,0,0
BRDA:362,42,0,0
BRDA:362,42,1,0
BRDA:370,43,0,0
BRDA:370,43,1,0
BRDA:372,44,0,0
BRDA:372,44,1,0
BRDA:373,45,0,0
BRDA:373,45,1,0
BRDA:374,46,0,0
BRDA:374,46,1,0
BRDA:376,47,0,0
BRDA:376,47,1,0
BRDA:378,48,0,0
BRDA:380,49,0,0
BRDA:385,50,0,0
BRDA:385,50,1,0
BRDA:387,51,0,0
BRDA:389,52,0,0
BRDA:391,53,0,0
BRDA:419,54,0,0
BRDA:427,55,0,0
BRDA:431,56,0,0
BRDA:431,57,0,0
BRDA:431,57,1,0
BRDA:435,58,0,0
BRDA:448,59,0,0
BRDA:455,60,0,0
BRDA:459,61,0,0
BRDA:471,62,0,0
BRDA:478,63,0,0
BRDA:485,64,0,0
BRDA:486,65,0,0
BRDA:497,66,0,0
BRDA:498,67,0,0
BRDA:504,68,0,0
BRDA:506,69,0,0
BRDA:507,70,0,0
BRDA:508,71,0,0
BRDA:512,72,0,0
BRDA:512,72,1,0
BRDA:512,73,0,0
BRDA:512,73,1,0
BRDA:512,74,0,0
BRDA:512,74,1,0
BRDA:516,75,0,0
BRDA:516,75,1,0
BRDA:519,76,0,0
BRDA:519,76,1,0
BRDA:530,77,0,0
BRDA:531,78,0,0
BRDA:538,79,0,0
BRDA:538,79,1,0
BRDA:538,80,0,0
BRDA:538,80,1,0
BRDA:543,81,0,0
BRDA:552,82,0,0
BRDA:553,83,0,0
BRDA:564,84,0,0
BRDA:564,84,1,0
BRDA:570,85,0,0
BRDA:570,85,1,0
BRDA:572,86,0,0
BRDA:572,86,1,0
BRDA:574,87,0,0
BRDA:578,88,0,0
BRDA:578,88,1,0
BRDA:585,89,0,0
BRDA:596,90,0,0
BRDA:596,90,1,0
BRDA:600,91,0,0
BRDA:600,91,1,0
BRDA:615,92,0,0
BRDA:615,92,1,0
BRDA:620,93,0,0
BRDA:620,93,1,0
BRDA:625,94,0,0
BRDA:625,94,1,0
BRDA:630,95,0,0
BRDA:630,95,1,0
BRDA:635,96,0,0
BRDA:645,97,0,0
BRDA:645,98,0,0
BRDA:645,98,1,0
BRDA:657,99,0,0
BRDA:657,99,1,0
BRDA:703,100,0,0
BRDA:703,100,1,0
BRDA:725,101,0,0
BRDA:725,101,1,0
BRDA:748,102,0,0
BRDA:748,102,1,0
BRDA:748,102,2,0
BRDA:795,103,0,0
BRDA:795,103,1,0
BRDA:795,103,2,0
BRDA:809,104,0,0
BRDA:809,104,1,0
BRDA:809,104,2,0
BRDA:809,104,3,0
BRDA:809,104,4,0
BRDA:809,104,5,0
BRDA:809,104,6,0
BRDA:841,105,0,0
BRDA:841,105,1,0
BRDA:865,106,0,0
BRDA:865,106,1,0
BRDA:867,107,0,0
BRDA:867,107,1,0
BRDA:875,108,0,0
BRDA:875,108,1,0
BRDA:877,109,0,0
BRDA:877,109,1,0
BRDA:885,110,0,0
BRDA:885,110,1,0
BRDA:887,111,0,0
BRDA:887,111,1,0
BRDA:898,112,0,0
BRDA:964,113,0,0
BRDA:973,114,0,0
BRDA:973,114,1,0
BRDA:993,115,0,0
BRDA:993,115,1,0
BRDA:1006,116,0,0
BRDA:1005,117,0,0
BRDA:1005,117,1,0
BRDA:1009,118,0,0
BRDA:1009,118,1,0
BRDA:1023,119,0,0
BRDA:1023,119,1,0
BRDA:1029,120,0,0
BRDA:1031,121,0,0
BRDA:1031,121,1,0
BRDA:1033,122,0,0
BRDA:1033,122,1,0
BRDA:1037,123,0,0
BRDA:1037,123,1,0
BRDA:1042,124,0,0
BRDA:1054,125,0,0
BRDA:1054,125,1,0
BRDA:1054,126,0,0
BRDA:1054,126,1,0
BRDA:1059,127,0,0
BRDA:1059,127,1,0
BRDA:1071,128,0,0
BRDA:1071,128,1,0
BRDA:1086,129,0,0
BRDA:1085,130,0,0
BRDA:1085,130,1,0
BRDA:1108,131,0,0
BRDA:1108,131,1,0
BRDA:1111,132,0,0
BRDA:1120,133,0,0
BRDA:1122,134,0,0
BRDA:1144,135,0,0
BRDA:1144,135,1,0
BRDA:1192,136,0,0
BRDA:1199,137,0,0
BRDA:1212,138,0,0
BRDA:1213,139,0,0
BRDA:1213,139,1,0
BRDA:1216,140,0,0
BRDA:1258,141,0,0
BRDA:1258,141,1,0
BRDA:1290,142,0,0
BRDA:1290,142,1,0
BRDA:1290,143,0,0
BRDA:1290,143,1,0
BRDA:1297,144,0,0
BRDA:1315,145,0,0
BRDA:1386,146,0,0
BRDA:1431,147,0,0
BRDA:1431,147,1,0
BRDA:1438,148,0,0
BRDA:1438,148,1,0
BRDA:1456,149,0,0
BRDA:1456,149,1,0
BRDA:1473,150,0,0
BRDA:1474,151,0,0
BRDA:1474,151,1,0
BRDA:1501,152,0,0
BRDA:1501,152,1,0
BRDA:1505,153,0,0
BRDA:1505,153,1,0
BRDA:1653,154,0,0
BRF:247
BRH:0
end_of_record
TN:
SF:src\routes\_app.calendar.tsx
FN:47,parseYYYYMMDD
FN:55,getMonday
FN:61,fmtTime
FN:67,fmtEventDate
FN:74,EventDetails
FN:113,CalendarPage
FN:121,(anonymous_6)
FN:128,(anonymous_7)
FN:129,(anonymous_8)
FN:137,(anonymous_9)
FN:138,(anonymous_10)
FN:144,(anonymous_11)
FN:146,(anonymous_12)
FN:212,(anonymous_13)
FN:217,(anonymous_14)
FN:222,(anonymous_15)
FN:232,(anonymous_16)
FN:236,(anonymous_17)
FN:240,(anonymous_18)
FN:250,(anonymous_19)
FN:258,(anonymous_20)
FN:265,(anonymous_21)
FN:266,(anonymous_22)
FN:266,(anonymous_23)
FN:280,(anonymous_24)
FN:285,(anonymous_25)
FN:306,(anonymous_26)
FN:311,(anonymous_27)
FN:327,(anonymous_28)
FN:333,(anonymous_29)
FN:352,(anonymous_30)
FN:364,(anonymous_31)
FN:374,(anonymous_32)
FN:386,(anonymous_33)
FN:389,(anonymous_34)
FN:413,(anonymous_35)
FN:424,(anonymous_36)
FN:430,(anonymous_37)
FN:432,(anonymous_38)
FN:436,(anonymous_39)
FN:437,(anonymous_40)
FN:470,LegendDot
FN:478,MonthView
FN:479,(anonymous_44)
FN:481,(anonymous_45)
FN:485,(anonymous_46)
FN:506,(anonymous_47)
FN:511,(anonymous_48)
FN:523,(anonymous_49)
FN:545,ListView
FN:553,(anonymous_51)
FN:557,(anonymous_52)
FN:558,(anonymous_53)
FN:563,(anonymous_54)
FN:577,(anonymous_55)
FNF:55
FNH:0
FNDA:0,parseYYYYMMDD
FNDA:0,getMonday
FNDA:0,fmtTime
FNDA:0,fmtEventDate
FNDA:0,EventDetails
FNDA:0,CalendarPage
FNDA:0,(anonymous_6)
FNDA:0,(anonymous_7)
FNDA:0,(anonymous_8)
FNDA:0,(anonymous_9)
FNDA:0,(anonymous_10)
FNDA:0,(anonymous_11)
FNDA:0,(anonymous_12)
FNDA:0,(anonymous_13)
FNDA:0,(anonymous_14)
FNDA:0,(anonymous_15)
FNDA:0,(anonymous_16)
FNDA:0,(anonymous_17)
FNDA:0,(anonymous_18)
FNDA:0,(anonymous_19)
FNDA:0,(anonymous_20)
FNDA:0,(anonymous_21)
FNDA:0,(anonymous_22)
FNDA:0,(anonymous_23)
FNDA:0,(anonymous_24)
FNDA:0,(anonymous_25)
FNDA:0,(anonymous_26)
FNDA:0,(anonymous_27)
FNDA:0,(anonymous_28)
FNDA:0,(anonymous_29)
FNDA:0,(anonymous_30)
FNDA:0,(anonymous_31)
FNDA:0,(anonymous_32)
FNDA:0,(anonymous_33)
FNDA:0,(anonymous_34)
FNDA:0,(anonymous_35)
FNDA:0,(anonymous_36)
FNDA:0,(anonymous_37)
FNDA:0,(anonymous_38)
FNDA:0,(anonymous_39)
FNDA:0,(anonymous_40)
FNDA:0,LegendDot
FNDA:0,MonthView
FNDA:0,(anonymous_44)
FNDA:0,(anonymous_45)
FNDA:0,(anonymous_46)
FNDA:0,(anonymous_47)
FNDA:0,(anonymous_48)
FNDA:0,(anonymous_49)
FNDA:0,ListView
FNDA:0,(anonymous_51)
FNDA:0,(anonymous_52)
FNDA:0,(anonymous_53)
FNDA:0,(anonymous_54)
FNDA:0,(anonymous_55)
DA:20,8
DA:27,8
DA:28,8
DA:34,8
DA:40,8
DA:48,0
DA:49,0
DA:50,0
DA:51,0
DA:52,0
DA:56,0
DA:57,0
DA:58,0
DA:62,0
DA:63,0
DA:64,0
DA:68,0
DA:69,0
DA:70,0
DA:114,0
DA:115,0
DA:116,0
DA:117,0
DA:119,0
DA:121,0
DA:122,0
DA:123,0
DA:125,0
DA:128,0
DA:129,0
DA:130,0
DA:131,0
DA:132,0
DA:136,0
DA:137,0
DA:138,0
DA:139,0
DA:140,0
DA:144,0
DA:146,0
DA:147,0
DA:148,0
DA:149,0
DA:150,0
DA:151,0
DA:153,0
DA:154,0
DA:155,0
DA:156,0
DA:157,0
DA:158,0
DA:159,0
DA:160,0
DA:165,0
DA:166,0
DA:167,0
DA:168,0
DA:169,0
DA:170,0
DA:171,0
DA:172,0
DA:173,0
DA:174,0
DA:175,0
DA:179,0
DA:180,0
DA:181,0
DA:182,0
DA:183,0
DA:184,0
DA:185,0
DA:186,0
DA:187,0
DA:188,0
DA:189,0
DA:190,0
DA:191,0
DA:193,0
DA:194,0
DA:195,0
DA:197,0
DA:201,0
DA:212,0
DA:213,0
DA:214,0
DA:215,0
DA:217,0
DA:218,0
DA:219,0
DA:220,0
DA:221,0
DA:223,0
DA:224,0
DA:225,0
DA:232,0
DA:233,0
DA:236,0
DA:237,0
DA:240,0
DA:241,0
DA:242,0
DA:243,0
DA:244,0
DA:246,0
DA:250,0
DA:251,0
DA:252,0
DA:253,0
DA:254,0
DA:255,0
DA:258,0
DA:259,0
DA:260,0
DA:261,0
DA:262,0
DA:265,0
DA:266,0
DA:280,0
DA:285,0
DA:307,0
DA:308,0
DA:311,0
DA:327,0
DA:333,0
DA:353,0
DA:354,0
DA:355,0
DA:365,0
DA:375,0
DA:376,0
DA:377,0
DA:387,0
DA:389,0
DA:414,0
DA:425,0
DA:431,0
DA:433,0
DA:436,0
DA:438,0
DA:439,0
DA:440,0
DA:479,0
DA:481,0
DA:482,0
DA:483,0
DA:485,0
DA:486,0
DA:487,0
DA:488,0
DA:489,0
DA:490,0
DA:491,0
DA:492,0
DA:494,0
DA:495,0
DA:496,0
DA:499,0
DA:507,0
DA:512,0
DA:513,0
DA:514,0
DA:516,0
DA:524,0
DA:525,0
DA:526,0
DA:527,0
DA:529,0
DA:546,0
DA:553,0
DA:557,0
DA:558,0
DA:565,0
DA:578,0
LF:173
LH:5
BRDA:57,0,0,0
BRDA:57,0,1,0
BRDA:68,1,0,0
BRDA:95,2,0,0
BRDA:122,3,0,0
BRDA:148,4,0,0
BRDA:148,4,1,0
BRDA:149,5,0,0
BRDA:149,5,1,0
BRDA:149,6,0,0
BRDA:149,6,1,0
BRDA:150,7,0,0
BRDA:150,7,1,0
BRDA:150,8,0,0
BRDA:150,8,1,0
BRDA:150,8,2,0
BRDA:154,9,0,0
BRDA:156,10,0,0
BRDA:159,11,0,0
BRDA:159,12,0,0
BRDA:159,12,1,0
BRDA:166,13,0,0
BRDA:168,14,0,0
BRDA:168,14,1,0
BRDA:170,15,0,0
BRDA:170,15,1,0
BRDA:171,16,0,0
BRDA:171,16,1,0
BRDA:173,17,0,0
BRDA:174,18,0,0
BRDA:174,18,1,0
BRDA:180,19,0,0
BRDA:180,19,1,0
BRDA:182,20,0,0
BRDA:182,20,1,0
BRDA:184,21,0,0
BRDA:184,21,1,0
BRDA:186,22,0,0
BRDA:186,22,1,0
BRDA:188,23,0,0
BRDA:188,23,1,0
BRDA:188,24,0,0
BRDA:188,24,1,0
BRDA:190,25,0,0
BRDA:190,25,1,0
BRDA:194,26,0,0
BRDA:194,26,1,0
BRDA:219,27,0,0
BRDA:219,27,1,0
BRDA:221,28,0,0
BRDA:221,28,1,0
BRDA:243,29,0,0
BRDA:243,29,1,0
BRDA:252,30,0,0
BRDA:252,30,1,0
BRDA:266,31,0,0
BRDA:266,31,1,0
BRDA:283,32,0,0
BRDA:283,32,1,0
BRDA:315,33,0,0
BRDA:315,33,1,0
BRDA:318,34,0,0
BRDA:390,35,0,0
BRDA:390,35,1,0
BRDA:405,36,0,0
BRDA:405,36,1,0
BRDA:407,37,0,0
BRDA:407,37,1,0
BRDA:414,38,0,0
BRDA:414,38,1,0
BRDA:416,39,0,0
BRDA:416,39,1,0
BRDA:431,40,0,0
BRDA:431,40,1,0
BRDA:482,41,0,0
BRDA:482,42,0,0
BRDA:482,42,1,0
BRDA:487,43,0,0
BRDA:487,43,1,0
BRDA:488,44,0,0
BRDA:488,44,1,0
BRDA:489,45,0,0
BRDA:489,45,1,0
BRDA:490,46,0,0
BRDA:490,46,1,0
BRDA:491,47,0,0
BRDA:491,47,1,0
BRDA:491,48,0,0
BRDA:491,48,1,0
BRDA:492,49,0,0
BRDA:492,49,1,0
BRDA:495,50,0,0
BRDA:513,51,0,0
BRDA:513,51,1,0
BRDA:517,52,0,0
BRDA:517,52,1,0
BRDA:518,53,0,0
BRDA:518,53,1,0
BRDA:518,54,0,0
BRDA:518,54,1,0
BRDA:519,55,0,0
BRDA:519,55,1,0
BRDA:519,56,0,0
BRDA:519,56,1,0
BRDA:521,57,0,0
BRDA:521,57,1,0
BRDA:525,58,0,0
BRDA:525,58,1,0
BRDA:525,59,0,0
BRDA:525,59,1,0
BRDA:526,60,0,0
BRDA:526,60,1,0
BRDA:526,61,0,0
BRDA:526,61,1,0
BRDA:527,62,0,0
BRDA:546,63,0,0
BRDA:565,64,0,0
BRDA:565,64,1,0
BRDA:568,65,0,0
BRDA:568,65,1,0
BRF:120
BRH:0
end_of_record
TN:
SF:src\routes\_app.clients.$id.tsx
FN:33,clientLoader
FN:34,(anonymous_1)
FN:41,ClientDetail
FN:50,(anonymous_3)
FN:54,(anonymous_4)
FN:55,(anonymous_5)
FN:56,(anonymous_6)
FN:98,(anonymous_7)
FN:205,(anonymous_8)
FN:223,(anonymous_9)
FN:252,(anonymous_10)
FN:276,(anonymous_11)
FN:335,(anonymous_12)
FN:377,(anonymous_13)
FN:384,(anonymous_14)
FN:404,(anonymous_15)
FN:407,(anonymous_16)
FN:414,(anonymous_17)
FN:425,(anonymous_18)
FN:442,(anonymous_19)
FN:443,(anonymous_20)
FN:457,(anonymous_21)
FN:477,QuickAction
FN:489,InfoRow
FN:499,DetailRow
FN:508,Field
FN:517,ActivityList
FN:520,(anonymous_28)
FN:534,MiniStat
FN:548,EmptyBlock
FNF:30
FNH:0
FNDA:0,clientLoader
FNDA:0,(anonymous_1)
FNDA:0,ClientDetail
FNDA:0,(anonymous_3)
FNDA:0,(anonymous_4)
FNDA:0,(anonymous_5)
FNDA:0,(anonymous_6)
FNDA:0,(anonymous_7)
FNDA:0,(anonymous_8)
FNDA:0,(anonymous_9)
FNDA:0,(anonymous_10)
FNDA:0,(anonymous_11)
FNDA:0,(anonymous_12)
FNDA:0,(anonymous_13)
FNDA:0,(anonymous_14)
FNDA:0,(anonymous_15)
FNDA:0,(anonymous_16)
FNDA:0,(anonymous_17)
FNDA:0,(anonymous_18)
FNDA:0,(anonymous_19)
FNDA:0,(anonymous_20)
FNDA:0,(anonymous_21)
FNDA:0,QuickAction
FNDA:0,InfoRow
FNDA:0,DetailRow
FNDA:0,Field
FNDA:0,ActivityList
FNDA:0,(anonymous_28)
FNDA:0,MiniStat
FNDA:0,EmptyBlock
DA:34,0
DA:35,0
DA:36,0
DA:38,0
DA:42,0
DA:44,0
DA:48,0
DA:50,0
DA:51,0
DA:52,0
DA:53,0
DA:54,0
DA:55,0
DA:56,0
DA:59,0
DA:60,0
DA:63,0
DA:99,0
DA:206,0
DA:224,0
DA:253,0
DA:277,0
DA:336,0
DA:377,0
DA:385,0
DA:404,0
DA:408,0
DA:409,0
DA:410,0
DA:415,0
DA:416,0
DA:417,0
DA:426,0
DA:443,0
DA:448,0
DA:458,0
DA:521,0
DA:543,8
LF:38
LH:1
BRDA:35,0,0,0
BRDA:45,1,0,0
BRDA:45,1,1,0
BRDA:46,2,0,0
BRDA:46,2,1,0
BRDA:50,3,0,0
BRDA:50,3,1,0
BRDA:87,4,0,0
BRDA:87,4,1,0
BRDA:212,5,0,0
BRDA:212,5,1,0
BRDA:218,6,0,0
BRDA:223,7,0,0
BRDA:223,7,1,0
BRDA:264,8,0,0
BRDA:264,8,1,0
BRDA:270,9,0,0
BRDA:276,10,0,0
BRDA:276,10,1,0
BRDA:290,11,0,0
BRDA:290,11,1,0
BRDA:292,12,0,0
BRDA:297,13,0,0
BRDA:328,14,0,0
BRDA:331,15,0,0
BRDA:331,15,1,0
BRDA:331,16,0,0
BRDA:331,16,1,0
BRDA:408,17,0,0
BRDA:408,18,0,0
BRDA:408,18,1,0
BRDA:415,19,0,0
BRDA:421,20,0,0
BRDA:421,20,1,0
BRDA:443,21,0,0
BRDA:443,21,1,0
BRDA:445,22,0,0
BRDA:445,22,1,0
BRDA:445,23,0,0
BRDA:445,23,1,0
BRDA:453,24,0,0
BRDA:453,24,1,0
BRDA:481,25,0,0
BRDA:481,25,1,0
BRDA:482,26,0,0
BRDA:482,26,1,0
BRDA:494,27,0,0
BRF:47
BRH:0
end_of_record
TN:
SF:src\routes\_app.clients.tsx
FN:70,ClientsPage
FN:91,(anonymous_1)
FN:91,(anonymous_2)
FN:92,(anonymous_3)
FN:92,(anonymous_4)
FN:93,(anonymous_5)
FN:93,(anonymous_6)
FN:95,(anonymous_7)
FN:96,(anonymous_8)
FN:97,(anonymous_9)
FN:98,(anonymous_10)
FN:99,(anonymous_11)
FN:100,(anonymous_12)
FN:101,(anonymous_13)
FN:101,(anonymous_14)
FN:104,(anonymous_15)
FN:115,(anonymous_16)
FN:116,(anonymous_17)
FN:121,(anonymous_18)
FN:128,(anonymous_19)
FN:133,(anonymous_20)
FN:135,(anonymous_21)
FN:141,(anonymous_22)
FN:142,(anonymous_23)
FN:148,(anonymous_24)
FN:176,(anonymous_25)
FN:183,(anonymous_26)
FN:197,(anonymous_27)
FN:211,(anonymous_28)
FN:211,(anonymous_29)
FN:224,(anonymous_30)
FN:252,(anonymous_31)
FN:263,(anonymous_32)
FN:272,(anonymous_33)
FN:273,(anonymous_34)
FN:274,(anonymous_35)
FN:282,(anonymous_36)
FN:283,(anonymous_37)
FN:284,(anonymous_38)
FN:292,(anonymous_39)
FN:293,(anonymous_40)
FN:294,(anonymous_41)
FN:302,(anonymous_42)
FN:303,(anonymous_43)
FN:304,(anonymous_44)
FN:312,(anonymous_45)
FN:313,(anonymous_46)
FN:314,(anonymous_47)
FN:322,(anonymous_48)
FN:337,(anonymous_49)
FN:344,(anonymous_50)
FN:383,(anonymous_51)
FN:408,(anonymous_52)
FN:525,(anonymous_53)
FN:537,(anonymous_54)
FN:541,(anonymous_55)
FN:551,(anonymous_56)
FN:574,(anonymous_57)
FN:577,(anonymous_58)
FN:620,(anonymous_59)
FN:643,(anonymous_60)
FN:655,(anonymous_61)
FN:656,(anonymous_62)
FN:657,(anonymous_63)
FN:679,(anonymous_64)
FN:691,(anonymous_65)
FN:703,(anonymous_66)
FN:715,(anonymous_67)
FN:727,(anonymous_68)
FN:739,(anonymous_69)
FN:756,(anonymous_70)
FN:774,ClientDetailsModal
FN:839,(anonymous_73)
FN:1042,(anonymous_74)
FN:1138,ContactRow
FN:1173,CommercialRow
FN:1188,FilterDropdown
FN:1222,(anonymous_78)
FN:1228,(anonymous_79)
FNF:79
FNH:0
FNDA:0,ClientsPage
FNDA:0,(anonymous_1)
FNDA:0,(anonymous_2)
FNDA:0,(anonymous_3)
FNDA:0,(anonymous_4)
FNDA:0,(anonymous_5)
FNDA:0,(anonymous_6)
FNDA:0,(anonymous_7)
FNDA:0,(anonymous_8)
FNDA:0,(anonymous_9)
FNDA:0,(anonymous_10)
FNDA:0,(anonymous_11)
FNDA:0,(anonymous_12)
FNDA:0,(anonymous_13)
FNDA:0,(anonymous_14)
FNDA:0,(anonymous_15)
FNDA:0,(anonymous_16)
FNDA:0,(anonymous_17)
FNDA:0,(anonymous_18)
FNDA:0,(anonymous_19)
FNDA:0,(anonymous_20)
FNDA:0,(anonymous_21)
FNDA:0,(anonymous_22)
FNDA:0,(anonymous_23)
FNDA:0,(anonymous_24)
FNDA:0,(anonymous_25)
FNDA:0,(anonymous_26)
FNDA:0,(anonymous_27)
FNDA:0,(anonymous_28)
FNDA:0,(anonymous_29)
FNDA:0,(anonymous_30)
FNDA:0,(anonymous_31)
FNDA:0,(anonymous_32)
FNDA:0,(anonymous_33)
FNDA:0,(anonymous_34)
FNDA:0,(anonymous_35)
FNDA:0,(anonymous_36)
FNDA:0,(anonymous_37)
FNDA:0,(anonymous_38)
FNDA:0,(anonymous_39)
FNDA:0,(anonymous_40)
FNDA:0,(anonymous_41)
FNDA:0,(anonymous_42)
FNDA:0,(anonymous_43)
FNDA:0,(anonymous_44)
FNDA:0,(anonymous_45)
FNDA:0,(anonymous_46)
FNDA:0,(anonymous_47)
FNDA:0,(anonymous_48)
FNDA:0,(anonymous_49)
FNDA:0,(anonymous_50)
FNDA:0,(anonymous_51)
FNDA:0,(anonymous_52)
FNDA:0,(anonymous_53)
FNDA:0,(anonymous_54)
FNDA:0,(anonymous_55)
FNDA:0,(anonymous_56)
FNDA:0,(anonymous_57)
FNDA:0,(anonymous_58)
FNDA:0,(anonymous_59)
FNDA:0,(anonymous_60)
FNDA:0,(anonymous_61)
FNDA:0,(anonymous_62)
FNDA:0,(anonymous_63)
FNDA:0,(anonymous_64)
FNDA:0,(anonymous_65)
FNDA:0,(anonymous_66)
FNDA:0,(anonymous_67)
FNDA:0,(anonymous_68)
FNDA:0,(anonymous_69)
FNDA:0,(anonymous_70)
FNDA:0,ClientDetailsModal
FNDA:0,(anonymous_73)
FNDA:0,(anonymous_74)
FNDA:0,ContactRow
FNDA:0,CommercialRow
FNDA:0,FilterDropdown
FNDA:0,(anonymous_78)
FNDA:0,(anonymous_79)
DA:54,8
DA:61,8
DA:68,8
DA:71,0
DA:72,0
DA:73,0
DA:74,0
DA:75,0
DA:76,0
DA:79,0
DA:80,0
DA:81,0
DA:82,0
DA:83,0
DA:84,0
DA:87,0
DA:88,0
DA:91,0
DA:92,0
DA:93,0
DA:95,0
DA:96,0
DA:97,0
DA:98,0
DA:99,0
DA:100,0
DA:101,0
DA:104,0
DA:106,0
DA:112,0
DA:113,0
DA:115,0
DA:116,0
DA:121,0
DA:122,0
DA:125,0
DA:126,0
DA:128,0
DA:129,0
DA:130,0
DA:133,0
DA:134,0
DA:136,0
DA:141,0
DA:142,0
DA:143,0
DA:146,0
DA:148,0
DA:149,0
DA:150,0
DA:151,0
DA:152,0
DA:153,0
DA:154,0
DA:156,0
DA:157,0
DA:158,0
DA:160,0
DA:161,0
DA:162,0
DA:164,0
DA:165,0
DA:166,0
DA:169,0
DA:175,0
DA:176,0
DA:178,0
DA:179,0
DA:183,0
DA:184,0
DA:197,0
DA:210,0
DA:211,0
DA:213,0
DA:216,0
DA:217,0
DA:218,0
DA:219,0
DA:220,0
DA:221,0
DA:224,0
DA:225,0
DA:226,0
DA:230,0
DA:252,0
DA:263,0
DA:273,0
DA:274,0
DA:283,0
DA:284,0
DA:293,0
DA:294,0
DA:303,0
DA:304,0
DA:313,0
DA:314,0
DA:323,0
DA:324,0
DA:325,0
DA:326,0
DA:327,0
DA:328,0
DA:337,0
DA:344,0
DA:384,0
DA:385,0
DA:386,0
DA:388,0
DA:408,0
DA:525,0
DA:537,0
DA:542,0
DA:543,0
DA:551,0
DA:575,0
DA:577,0
DA:621,0
DA:643,0
DA:655,0
DA:656,0
DA:658,0
DA:659,0
DA:660,0
DA:680,0
DA:692,0
DA:704,0
DA:716,0
DA:728,0
DA:740,0
DA:756,0
DA:785,0
DA:786,0
DA:840,0
DA:1043,0
DA:1223,0
DA:1224,0
DA:1228,0
LF:137
LH:3
BRDA:93,0,0,0
BRDA:93,0,1,0
BRDA:96,1,0,0
BRDA:96,1,1,0
BRDA:97,2,0,0
BRDA:97,2,1,0
BRDA:98,3,0,0
BRDA:98,3,1,0
BRDA:99,4,0,0
BRDA:99,4,1,0
BRDA:100,5,0,0
BRDA:100,5,1,0
BRDA:101,6,0,0
BRDA:101,6,1,0
BRDA:125,7,0,0
BRDA:125,7,1,0
BRDA:136,8,0,0
BRDA:136,8,1,0
BRDA:149,9,0,0
BRDA:151,10,0,0
BRDA:151,10,1,0
BRDA:152,11,0,0
BRDA:152,11,1,0
BRDA:153,12,0,0
BRDA:153,12,1,0
BRDA:154,13,0,0
BRDA:154,13,1,0
BRDA:156,14,0,0
BRDA:156,15,0,0
BRDA:156,15,1,0
BRDA:160,16,0,0
BRDA:160,17,0,0
BRDA:160,17,1,0
BRDA:164,18,0,0
BRDA:164,19,0,0
BRDA:164,19,1,0
BRDA:172,20,0,0
BRDA:172,20,1,0
BRDA:176,21,0,0
BRDA:176,21,1,0
BRDA:230,22,0,0
BRDA:230,22,1,0
BRDA:230,22,2,0
BRDA:230,22,3,0
BRDA:230,22,4,0
BRDA:230,22,5,0
BRDA:274,23,0,0
BRDA:274,23,1,0
BRDA:284,24,0,0
BRDA:284,24,1,0
BRDA:294,25,0,0
BRDA:294,25,1,0
BRDA:304,26,0,0
BRDA:304,26,1,0
BRDA:314,27,0,0
BRDA:314,27,1,0
BRDA:318,28,0,0
BRDA:338,29,0,0
BRDA:338,29,1,0
BRDA:345,30,0,0
BRDA:345,30,1,0
BRDA:374,31,0,0
BRDA:374,31,1,0
BRDA:413,32,0,0
BRDA:413,32,1,0
BRDA:437,33,0,0
BRDA:440,34,0,0
BRDA:440,34,1,0
BRDA:473,35,0,0
BRDA:482,36,0,0
BRDA:482,36,1,0
BRDA:483,37,0,0
BRDA:483,37,1,0
BRDA:485,38,0,0
BRDA:497,39,0,0
BRDA:497,39,1,0
BRDA:507,40,0,0
BRDA:507,40,1,0
BRDA:569,41,0,0
BRDA:569,41,1,0
BRDA:583,42,0,0
BRDA:583,42,1,0
BRDA:597,43,0,0
BRDA:597,43,1,0
BRDA:640,44,0,0
BRDA:643,45,0,0
BRDA:643,45,1,0
BRDA:647,46,0,0
BRDA:647,46,1,0
BRDA:653,47,0,0
BRDA:660,48,0,0
BRDA:660,48,1,0
BRDA:669,49,0,0
BRDA:669,49,1,0
BRDA:793,50,0,0
BRDA:793,50,1,0
BRDA:812,51,0,0
BRDA:812,51,1,0
BRDA:820,52,0,0
BRDA:826,53,0,0
BRDA:826,53,1,0
BRDA:837,54,0,0
BRDA:869,55,0,0
BRDA:869,55,1,0
BRDA:895,56,0,0
BRDA:895,56,1,0
BRDA:909,57,0,0
BRDA:909,57,1,0
BRDA:950,58,0,0
BRDA:950,58,1,0
BRDA:959,59,0,0
BRDA:959,59,1,0
BRDA:987,60,0,0
BRDA:987,60,1,0
BRDA:989,61,0,0
BRDA:1012,62,0,0
BRDA:1012,62,1,0
BRDA:1014,63,0,0
BRDA:1036,64,0,0
BRDA:1067,65,0,0
BRDA:1067,65,1,0
BRDA:1069,66,0,0
BRDA:1069,66,1,0
BRDA:1071,67,0,0
BRDA:1071,67,1,0
BRDA:1091,68,0,0
BRDA:1091,68,1,0
BRDA:1094,69,0,0
BRDA:1094,69,1,0
BRDA:1097,70,0,0
BRDA:1097,70,1,0
BRDA:1100,71,0,0
BRDA:1100,71,1,0
BRDA:1165,72,0,0
BRDA:1203,73,0,0
BRDA:1203,73,1,0
BRDA:1209,74,0,0
BRF:137
BRH:0
end_of_record
TN:
SF:src\routes\_app.index.tsx
FN:21,Dashboard
FN:30,(anonymous_1)
FN:31,(anonymous_2)
FN:31,(anonymous_3)
FN:32,(anonymous_4)
FN:35,(anonymous_5)
FN:36,(anonymous_6)
FN:37,(anonymous_7)
FN:38,(anonymous_8)
FN:63,(anonymous_9)
FN:109,(anonymous_10)
FN:129,(anonymous_11)
FN:150,(anonymous_12)
FN:169,(anonymous_13)
FN:169,(anonymous_14)
FN:169,(anonymous_15)
FN:188,(anonymous_16)
FN:205,(anonymous_17)
FN:205,(anonymous_18)
FN:233,SectionHeader
FN:256,RevenueChart
FN:261,(anonymous_22)
FN:263,(anonymous_23)
FN:269,(anonymous_24)
FN:271,(anonymous_25)
FN:293,(anonymous_26)
FN:302,(anonymous_27)
FNF:27
FNH:0
FNDA:0,Dashboard
FNDA:0,(anonymous_1)
FNDA:0,(anonymous_2)
FNDA:0,(anonymous_3)
FNDA:0,(anonymous_4)
FNDA:0,(anonymous_5)
FNDA:0,(anonymous_6)
FNDA:0,(anonymous_7)
FNDA:0,(anonymous_8)
FNDA:0,(anonymous_9)
FNDA:0,(anonymous_10)
FNDA:0,(anonymous_11)
FNDA:0,(anonymous_12)
FNDA:0,(anonymous_13)
FNDA:0,(anonymous_14)
FNDA:0,(anonymous_15)
FNDA:0,(anonymous_16)
FNDA:0,(anonymous_17)
FNDA:0,(anonymous_18)
FNDA:0,SectionHeader
FNDA:0,RevenueChart
FNDA:0,(anonymous_22)
FNDA:0,(anonymous_23)
FNDA:0,(anonymous_24)
FNDA:0,(anonymous_25)
FNDA:0,(anonymous_26)
FNDA:0,(anonymous_27)
DA:14,8
DA:22,0
DA:26,0
DA:27,0
DA:30,0
DA:31,0
DA:32,0
DA:34,0
DA:35,0
DA:36,0
DA:37,0
DA:38,0
DA:64,0
DA:65,0
DA:110,0
DA:130,0
DA:151,0
DA:169,0
DA:170,0
DA:189,0
DA:205,0
DA:206,0
DA:257,0
DA:258,0
DA:259,0
DA:260,0
DA:261,0
DA:262,0
DA:264,0
DA:265,0
DA:266,0
DA:269,0
DA:270,0
DA:272,0
DA:273,0
DA:274,0
DA:277,0
DA:294,0
DA:302,0
LF:39
LH:1
BRDA:27,0,0,0
BRDA:27,0,1,0
BRDA:27,0,2,0
BRDA:32,1,0,0
BRDA:32,1,1,0
BRDA:36,2,0,0
BRDA:36,2,1,0
BRDA:71,3,0,0
BRDA:71,3,1,0
BRDA:72,4,0,0
BRDA:72,4,1,0
BRDA:205,5,0,0
BRDA:205,5,1,0
BRDA:205,5,2,0
BRDA:238,6,0,0
BRDA:238,6,1,0
BRDA:239,7,0,0
BRDA:239,7,1,0
BRDA:244,8,0,0
BRDA:244,8,1,0
BRDA:266,9,0,0
BRDA:266,9,1,0
BRDA:274,10,0,0
BRDA:274,10,1,0
BRF:24
BRH:0
end_of_record
TN:
SF:src\routes\_app.pipeline.tsx
FN:30,PipelinePage
FN:41,(anonymous_1)
FN:42,(anonymous_2)
FN:43,(anonymous_3)
FN:44,(anonymous_4)
FN:47,(anonymous_5)
FN:55,(anonymous_6)
FN:56,(anonymous_7)
FN:56,(anonymous_8)
FN:58,(anonymous_9)
FN:59,(anonymous_10)
FN:73,(anonymous_11)
FN:76,(anonymous_12)
FN:90,(anonymous_13)
FN:99,(anonymous_14)
FN:103,(anonymous_15)
FN:103,(anonymous_16)
FN:113,(anonymous_17)
FN:127,(anonymous_18)
FN:141,(anonymous_19)
FN:157,(anonymous_20)
FN:158,(anonymous_21)
FN:159,(anonymous_22)
FN:172,(anonymous_23)
FN:173,(anonymous_24)
FN:178,(anonymous_25)
FN:182,(anonymous_26)
FN:191,(anonymous_27)
FN:192,(anonymous_28)
FN:218,(anonymous_29)
FN:262,(anonymous_30)
FNF:31
FNH:0
FNDA:0,PipelinePage
FNDA:0,(anonymous_1)
FNDA:0,(anonymous_2)
FNDA:0,(anonymous_3)
FNDA:0,(anonymous_4)
FNDA:0,(anonymous_5)
FNDA:0,(anonymous_6)
FNDA:0,(anonymous_7)
FNDA:0,(anonymous_8)
FNDA:0,(anonymous_9)
FNDA:0,(anonymous_10)
FNDA:0,(anonymous_11)
FNDA:0,(anonymous_12)
FNDA:0,(anonymous_13)
FNDA:0,(anonymous_14)
FNDA:0,(anonymous_15)
FNDA:0,(anonymous_16)
FNDA:0,(anonymous_17)
FNDA:0,(anonymous_18)
FNDA:0,(anonymous_19)
FNDA:0,(anonymous_20)
FNDA:0,(anonymous_21)
FNDA:0,(anonymous_22)
FNDA:0,(anonymous_23)
FNDA:0,(anonymous_24)
FNDA:0,(anonymous_25)
FNDA:0,(anonymous_26)
FNDA:0,(anonymous_27)
FNDA:0,(anonymous_28)
FNDA:0,(anonymous_29)
FNDA:0,(anonymous_30)
DA:12,8
DA:31,0
DA:32,0
DA:33,0
DA:36,0
DA:37,0
DA:38,0
DA:39,0
DA:41,0
DA:42,0
DA:43,0
DA:44,0
DA:47,0
DA:49,0
DA:55,0
DA:56,0
DA:58,0
DA:59,0
DA:73,0
DA:76,0
DA:90,0
DA:99,0
DA:103,0
DA:104,0
DA:113,0
DA:127,0
DA:142,0
DA:143,0
DA:144,0
DA:145,0
DA:158,0
DA:159,0
DA:160,0
DA:172,0
DA:174,0
DA:175,0
DA:179,0
DA:182,0
DA:192,0
DA:218,0
DA:263,0
LF:41
LH:1
BRDA:42,0,0,0
BRDA:42,0,1,0
BRDA:56,1,0,0
BRDA:56,1,1,0
BRDA:56,1,2,0
BRDA:59,2,0,0
BRDA:59,2,1,0
BRDA:73,3,0,0
BRDA:73,3,1,0
BRDA:76,4,0,0
BRDA:76,4,1,0
BRDA:137,5,0,0
BRDA:137,5,1,0
BRDA:137,5,2,0
BRDA:137,5,3,0
BRDA:155,6,0,0
BRDA:175,7,0,0
BRDA:221,8,0,0
BRDA:221,8,1,0
BRDA:221,9,0,0
BRDA:221,9,1,0
BRDA:226,10,0,0
BRDA:226,10,1,0
BRDA:281,11,0,0
BRDA:280,12,0,0
BRDA:280,12,1,0
BRDA:286,13,0,0
BRF:27
BRH:0
end_of_record
TN:
SF:src\routes\_app.projects.tsx
FN:28,ProjectsPage
FN:42,(anonymous_1)
FN:43,(anonymous_2)
FN:44,(anonymous_3)
FN:44,(anonymous_4)
FN:45,(anonymous_5)
FN:45,(anonymous_6)
FN:48,(anonymous_7)
FN:56,(anonymous_8)
FN:57,(anonymous_9)
FN:57,(anonymous_10)
FN:58,(anonymous_11)
FN:59,(anonymous_12)
FN:59,(anonymous_13)
FN:61,(anonymous_14)
FN:62,(anonymous_15)
FN:64,(anonymous_16)
FN:69,(anonymous_17)
FN:78,(anonymous_18)
FN:79,(anonymous_19)
FN:81,(anonymous_20)
FN:85,(anonymous_21)
FN:94,(anonymous_22)
FN:95,(anonymous_23)
FN:97,(anonymous_24)
FN:98,(anonymous_25)
FN:107,(anonymous_26)
FN:109,(anonymous_27)
FN:119,(anonymous_28)
FN:146,(anonymous_29)
FN:164,(anonymous_30)
FN:169,(anonymous_31)
FN:170,(anonymous_32)
FN:171,(anonymous_33)
FN:185,(anonymous_34)
FN:203,(anonymous_35)
FN:206,(anonymous_36)
FN:229,(anonymous_37)
FN:232,(anonymous_38)
FN:243,(anonymous_39)
FN:254,(anonymous_40)
FN:271,(anonymous_41)
FN:272,(anonymous_42)
FN:273,(anonymous_43)
FN:311,(anonymous_44)
FN:325,(anonymous_45)
FN:331,(anonymous_46)
FN:346,(anonymous_47)
FN:372,(anonymous_48)
FN:377,(anonymous_49)
FN:390,(anonymous_50)
FN:393,(anonymous_51)
FN:400,(anonymous_52)
FN:415,(anonymous_53)
FN:418,(anonymous_54)
FN:423,(anonymous_55)
FN:427,(anonymous_56)
FN:428,(anonymous_57)
FN:439,(anonymous_58)
FN:442,(anonymous_59)
FN:454,(anonymous_60)
FN:455,(anonymous_61)
FN:461,(anonymous_62)
FNF:63
FNH:0
FNDA:0,ProjectsPage
FNDA:0,(anonymous_1)
FNDA:0,(anonymous_2)
FNDA:0,(anonymous_3)
FNDA:0,(anonymous_4)
FNDA:0,(anonymous_5)
FNDA:0,(anonymous_6)
FNDA:0,(anonymous_7)
FNDA:0,(anonymous_8)
FNDA:0,(anonymous_9)
FNDA:0,(anonymous_10)
FNDA:0,(anonymous_11)
FNDA:0,(anonymous_12)
FNDA:0,(anonymous_13)
FNDA:0,(anonymous_14)
FNDA:0,(anonymous_15)
FNDA:0,(anonymous_16)
FNDA:0,(anonymous_17)
FNDA:0,(anonymous_18)
FNDA:0,(anonymous_19)
FNDA:0,(anonymous_20)
FNDA:0,(anonymous_21)
FNDA:0,(anonymous_22)
FNDA:0,(anonymous_23)
FNDA:0,(anonymous_24)
FNDA:0,(anonymous_25)
FNDA:0,(anonymous_26)
FNDA:0,(anonymous_27)
FNDA:0,(anonymous_28)
FNDA:0,(anonymous_29)
FNDA:0,(anonymous_30)
FNDA:0,(anonymous_31)
FNDA:0,(anonymous_32)
FNDA:0,(anonymous_33)
FNDA:0,(anonymous_34)
FNDA:0,(anonymous_35)
FNDA:0,(anonymous_36)
FNDA:0,(anonymous_37)
FNDA:0,(anonymous_38)
FNDA:0,(anonymous_39)
FNDA:0,(anonymous_40)
FNDA:0,(anonymous_41)
FNDA:0,(anonymous_42)
FNDA:0,(anonymous_43)
FNDA:0,(anonymous_44)
FNDA:0,(anonymous_45)
FNDA:0,(anonymous_46)
FNDA:0,(anonymous_47)
FNDA:0,(anonymous_48)
FNDA:0,(anonymous_49)
FNDA:0,(anonymous_50)
FNDA:0,(anonymous_51)
FNDA:0,(anonymous_52)
FNDA:0,(anonymous_53)
FNDA:0,(anonymous_54)
FNDA:0,(anonymous_55)
FNDA:0,(anonymous_56)
FNDA:0,(anonymous_57)
FNDA:0,(anonymous_58)
FNDA:0,(anonymous_59)
FNDA:0,(anonymous_60)
FNDA:0,(anonymous_61)
FNDA:0,(anonymous_62)
DA:13,8
DA:20,8
DA:21,8
DA:29,0
DA:30,0
DA:31,0
DA:32,0
DA:35,0
DA:36,0
DA:37,0
DA:38,0
DA:39,0
DA:40,0
DA:42,0
DA:43,0
DA:44,0
DA:45,0
DA:48,0
DA:50,0
DA:56,0
DA:57,0
DA:58,0
DA:59,0
DA:61,0
DA:62,0
DA:63,0
DA:64,0
DA:65,0
DA:66,0
DA:67,0
DA:69,0
DA:70,0
DA:71,0
DA:72,0
DA:73,0
DA:75,0
DA:78,0
DA:79,0
DA:80,0
DA:81,0
DA:82,0
DA:83,0
DA:85,0
DA:86,0
DA:87,0
DA:88,0
DA:89,0
DA:91,0
DA:94,0
DA:95,0
DA:96,0
DA:97,0
DA:98,0
DA:99,0
DA:100,0
DA:101,0
DA:102,0
DA:104,0
DA:107,0
DA:108,0
DA:109,0
DA:110,0
DA:111,0
DA:118,0
DA:119,0
DA:120,0
DA:121,0
DA:122,0
DA:123,0
DA:125,0
DA:126,0
DA:127,0
DA:128,0
DA:146,0
DA:165,0
DA:166,0
DA:170,0
DA:171,0
DA:185,0
DA:204,0
DA:205,0
DA:206,0
DA:230,0
DA:231,0
DA:232,0
DA:243,0
DA:255,0
DA:256,0
DA:257,0
DA:258,0
DA:272,0
DA:273,0
DA:274,0
DA:276,0
DA:312,0
DA:326,0
DA:331,0
DA:346,0
DA:373,0
DA:377,0
DA:390,0
DA:394,0
DA:400,0
DA:415,0
DA:418,0
DA:423,0
DA:428,0
DA:429,0
DA:439,0
DA:442,0
DA:455,0
DA:456,0
DA:461,0
LF:113
LH:3
BRDA:43,0,0,0
BRDA:43,0,1,0
BRDA:44,1,0,0
BRDA:44,1,1,0
BRDA:57,2,0,0
BRDA:57,2,1,0
BRDA:59,3,0,0
BRDA:59,3,1,0
BRDA:63,4,0,0
BRDA:65,5,0,0
BRDA:66,6,0,0
BRDA:66,6,1,0
BRDA:70,7,0,0
BRDA:70,7,1,0
BRDA:72,8,0,0
BRDA:80,9,0,0
BRDA:82,10,0,0
BRDA:86,11,0,0
BRDA:86,11,1,0
BRDA:88,12,0,0
BRDA:96,13,0,0
BRDA:99,14,0,0
BRDA:99,14,1,0
BRDA:101,15,0,0
BRDA:108,16,0,0
BRDA:110,17,0,0
BRDA:115,18,0,0
BRDA:115,18,1,0
BRDA:115,18,2,0
BRDA:116,19,0,0
BRDA:116,19,1,0
BRDA:122,20,0,0
BRDA:157,21,0,0
BRDA:171,22,0,0
BRDA:171,22,1,0
BRDA:176,23,0,0
BRDA:176,23,1,0
BRDA:177,24,0,0
BRDA:183,25,0,0
BRDA:207,26,0,0
BRDA:207,26,1,0
BRDA:208,27,0,0
BRDA:222,28,0,0
BRDA:233,29,0,0
BRDA:233,29,1,0
BRDA:234,30,0,0
BRDA:242,31,0,0
BRDA:250,32,0,0
BRDA:250,32,1,0
BRDA:250,32,2,0
BRDA:250,32,3,0
BRDA:312,33,0,0
BRDA:312,33,1,0
BRDA:338,34,0,0
BRDA:345,35,0,0
BRDA:346,36,0,0
BRDA:346,36,1,0
BRDA:381,37,0,0
BRDA:381,37,1,0
BRDA:418,38,0,0
BRDA:418,38,1,0
BRDA:431,39,0,0
BRDA:431,39,1,0
BRF:63
BRH:0
end_of_record
TN:
SF:src\routes\_app.reminders.tsx
FN:7,RemindersPage
FN:12,(anonymous_1)
FN:13,(anonymous_2)
FN:15,(anonymous_3)
FN:16,(anonymous_4)
FN:20,(anonymous_5)
FN:21,(anonymous_6)
FN:45,(anonymous_7)
FN:55,(anonymous_8)
FN:72,(anonymous_9)
FN:82,(anonymous_10)
FNF:11
FNH:0
FNDA:0,RemindersPage
FNDA:0,(anonymous_1)
FNDA:0,(anonymous_2)
FNDA:0,(anonymous_3)
FNDA:0,(anonymous_4)
FNDA:0,(anonymous_5)
FNDA:0,(anonymous_6)
FNDA:0,(anonymous_7)
FNDA:0,(anonymous_8)
FNDA:0,(anonymous_9)
FNDA:0,(anonymous_10)
DA:8,0
DA:10,0
DA:12,0
DA:13,0
DA:15,0
DA:16,0
DA:17,0
DA:20,0
DA:21,0
DA:22,0
DA:46,0
DA:55,0
DA:73,0
DA:82,0
LF:14
LH:0
BRDA:12,0,0,0
BRDA:12,0,1,0
BRDA:12,0,2,0
BRDA:13,1,0,0
BRDA:13,1,1,0
BRDA:13,1,2,0
BRDA:13,1,3,0
BRDA:16,2,0,0
BRDA:16,2,1,0
BRDA:21,3,0,0
BRDA:21,3,1,0
BRDA:42,4,0,0
BRDA:42,4,1,0
BRDA:48,5,0,0
BRDA:48,6,0,0
BRDA:53,7,0,0
BRDA:69,8,0,0
BRDA:69,8,1,0
BRDA:79,9,0,0
BRDA:79,9,1,0
BRF:20
BRH:0
end_of_record
TN:
SF:src\routes\_app.settings.tsx
FN:21,SettingsPage
FN:34,(anonymous_1)
FN:40,(anonymous_2)
FN:65,Card
FN:77,ProfileSection
FN:107,TeamsSection
FN:118,(anonymous_7)
FN:126,(anonymous_8)
FN:127,(anonymous_9)
FN:134,(anonymous_10)
FN:140,(anonymous_11)
FN:156,(anonymous_12)
FN:159,(anonymous_13)
FN:165,(anonymous_14)
FN:175,(anonymous_15)
FN:183,NotificationsSection
FN:194,(anonymous_17)
FN:208,DisplaySection
FN:209,(anonymous_19)
FN:218,(anonymous_20)
FN:219,(anonymous_21)
FN:221,(anonymous_22)
FN:224,(anonymous_23)
FN:227,(anonymous_24)
FN:251,(anonymous_25)
FN:254,(anonymous_26)
FN:265,(anonymous_27)
FN:268,(anonymous_28)
FN:280,(anonymous_29)
FN:293,GeneralSection
FN:306,SecuritySection
FN:342,BillingSection
FN:376,(anonymous_33)
FN:395,FormField
FNF:34
FNH:0
FNDA:0,SettingsPage
FNDA:0,(anonymous_1)
FNDA:0,(anonymous_2)
FNDA:0,Card
FNDA:0,ProfileSection
FNDA:0,TeamsSection
FNDA:0,(anonymous_7)
FNDA:0,(anonymous_8)
FNDA:0,(anonymous_9)
FNDA:0,(anonymous_10)
FNDA:0,(anonymous_11)
FNDA:0,(anonymous_12)
FNDA:0,(anonymous_13)
FNDA:0,(anonymous_14)
FNDA:0,(anonymous_15)
FNDA:0,NotificationsSection
FNDA:0,(anonymous_17)
FNDA:0,DisplaySection
FNDA:0,(anonymous_19)
FNDA:0,(anonymous_20)
FNDA:0,(anonymous_21)
FNDA:0,(anonymous_22)
FNDA:0,(anonymous_23)
FNDA:0,(anonymous_24)
FNDA:0,(anonymous_25)
FNDA:0,(anonymous_26)
FNDA:0,(anonymous_27)
FNDA:0,(anonymous_28)
FNDA:0,(anonymous_29)
FNDA:0,GeneralSection
FNDA:0,SecuritySection
FNDA:0,BillingSection
FNDA:0,(anonymous_33)
FNDA:0,FormField
DA:11,8
DA:22,0
DA:23,0
DA:35,0
DA:36,0
DA:37,0
DA:40,0
DA:108,0
DA:114,0
DA:115,0
DA:116,0
DA:118,0
DA:119,0
DA:120,0
DA:121,0
DA:122,0
DA:126,0
DA:127,0
DA:128,0
DA:135,0
DA:140,0
DA:156,0
DA:159,0
DA:165,0
DA:175,0
DA:184,0
DA:195,0
DA:209,0
DA:210,0
DA:211,0
DA:213,0
DA:215,0
DA:216,0
DA:218,0
DA:219,0
DA:220,0
DA:221,0
DA:223,0
DA:224,0
DA:227,0
DA:228,0
DA:229,0
DA:230,0
DA:231,0
DA:232,0
DA:233,0
DA:235,0
DA:236,0
DA:237,0
DA:239,0
DA:242,0
DA:252,0
DA:254,0
DA:266,0
DA:268,0
DA:280,0
DA:377,0
LF:57
LH:1
BRDA:42,0,0,0
BRDA:42,0,1,0
BRDA:52,1,0,0
BRDA:53,2,0,0
BRDA:54,3,0,0
BRDA:55,4,0,0
BRDA:56,5,0,0
BRDA:57,6,0,0
BRDA:58,7,0,0
BRDA:70,8,0,0
BRDA:70,8,1,0
BRDA:119,9,0,0
BRDA:165,10,0,0
BRDA:165,10,1,0
BRDA:175,11,0,0
BRDA:175,11,1,0
BRDA:210,12,0,0
BRDA:211,13,0,0
BRDA:211,13,1,0
BRDA:220,14,0,0
BRDA:220,14,1,0
BRDA:221,15,0,0
BRDA:221,15,1,0
BRDA:228,16,0,0
BRDA:228,16,1,0
BRDA:231,17,0,0
BRDA:231,17,1,0
BRDA:236,18,0,0
BRDA:236,18,1,0
BRDA:255,19,0,0
BRDA:255,19,1,0
BRDA:269,20,0,0
BRDA:269,20,1,0
BRDA:395,21,0,0
BRF:34
BRH:0
end_of_record
TN:
SF:src\routes\_app.tsx
FN:9,AppLayout
FN:19,(anonymous_1)
FN:39,(anonymous_2)
FN:49,(anonymous_3)
FN:58,(anonymous_4)
FNF:5
FNH:2
FNDA:52,AppLayout
FNDA:16,(anonymous_1)
FNDA:0,(anonymous_2)
FNDA:0,(anonymous_3)
FNDA:0,(anonymous_4)
DA:7,8
DA:10,52
DA:11,52
DA:13,52
DA:14,52
DA:15,52
DA:17,52
DA:19,52
DA:20,16
DA:21,0
DA:22,0
DA:23,0
DA:24,0
DA:25,0
DA:29,52
DA:34,52
DA:39,0
DA:44,52
DA:49,0
DA:58,0
LF:20
LH:12
BRDA:13,0,0,52
BRDA:13,0,1,0
BRDA:14,1,0,52
BRDA:14,1,1,52
BRDA:15,2,0,52
BRDA:15,2,1,0
BRDA:15,2,2,0
BRDA:17,3,0,52
BRDA:17,3,1,0
BRDA:20,4,0,0
BRDA:29,5,0,0
BRDA:29,6,0,52
BRDA:29,6,1,52
BRDA:34,7,0,0
BRDA:34,8,0,52
BRDA:34,8,1,0
BRDA:34,8,2,0
BRDA:44,9,0,0
BRDA:44,10,0,52
BRDA:44,10,1,0
BRF:20
BRH:9
end_of_record
TN:
SF:src\routes\_app.users.tsx
FN:27,UsersPage
FN:49,(anonymous_1)
FN:54,(anonymous_2)
FN:55,(anonymous_3)
FN:71,(anonymous_4)
FN:76,(anonymous_5)
FN:96,(anonymous_6)
FN:97,(anonymous_7)
FN:100,(anonymous_8)
FN:102,(anonymous_9)
FN:137,(anonymous_10)
FN:148,(anonymous_11)
FN:157,(anonymous_12)
FN:167,(anonymous_13)
FN:175,(anonymous_14)
FN:176,(anonymous_15)
FN:177,(anonymous_16)
FN:186,(anonymous_17)
FN:195,(anonymous_18)
FN:207,(anonymous_19)
FN:219,(anonymous_20)
FN:234,(anonymous_21)
FN:259,(anonymous_22)
FN:288,(anonymous_23)
FN:299,(anonymous_24)
FN:310,(anonymous_25)
FN:319,(anonymous_26)
FN:321,(anonymous_27)
FN:330,(anonymous_28)
FN:355,(anonymous_29)
FN:355,(anonymous_30)
FN:364,(anonymous_31)
FN:364,(anonymous_32)
FN:373,(anonymous_33)
FN:482,(anonymous_34)
FN:490,(anonymous_35)
FN:498,(anonymous_36)
FN:510,(anonymous_37)
FN:522,(anonymous_38)
FN:534,StatCard
FNF:40
FNH:39
FNDA:320,UsersPage
FNDA:43,(anonymous_1)
FNDA:80,(anonymous_2)
FNDA:400,(anonymous_3)
FNDA:84,(anonymous_4)
FNDA:1,(anonymous_5)
FNDA:1,(anonymous_6)
FNDA:5,(anonymous_7)
FNDA:1,(anonymous_8)
FNDA:5,(anonymous_9)
FNDA:33,(anonymous_10)
FNDA:12,(anonymous_11)
FNDA:0,(anonymous_12)
FNDA:1,(anonymous_13)
FNDA:1600,(anonymous_14)
FNDA:1600,(anonymous_15)
FNDA:1600,(anonymous_16)
FNDA:23,(anonymous_17)
FNDA:1,(anonymous_18)
FNDA:1,(anonymous_19)
FNDA:1,(anonymous_20)
FNDA:1,(anonymous_21)
FNDA:928,(anonymous_22)
FNDA:1,(anonymous_23)
FNDA:2,(anonymous_24)
FNDA:1,(anonymous_25)
FNDA:2,(anonymous_26)
FNDA:10,(anonymous_27)
FNDA:1,(anonymous_28)
FNDA:1,(anonymous_29)
FNDA:2,(anonymous_30)
FNDA:1,(anonymous_31)
FNDA:3,(anonymous_32)
FNDA:1,(anonymous_33)
FNDA:18,(anonymous_34)
FNDA:13,(anonymous_35)
FNDA:1,(anonymous_36)
FNDA:1,(anonymous_37)
FNDA:1,(anonymous_38)
FNDA:768,StatCard
DA:15,8
DA:21,8
DA:28,320
DA:29,320
DA:30,320
DA:31,320
DA:32,320
DA:34,320
DA:35,320
DA:36,320
DA:39,320
DA:40,320
DA:41,320
DA:42,320
DA:45,320
DA:46,320
DA:49,320
DA:50,43
DA:54,320
DA:55,80
DA:57,400
DA:60,400
DA:61,400
DA:62,400
DA:64,400
DA:68,320
DA:69,320
DA:71,320
DA:72,84
DA:73,84
DA:76,320
DA:77,1
DA:78,1
DA:89,1
DA:90,1
DA:91,1
DA:92,1
DA:96,320
DA:97,5
DA:100,320
DA:101,1
DA:102,5
DA:103,1
DA:104,1
DA:137,33
DA:148,12
DA:157,0
DA:167,1
DA:175,1600
DA:176,1600
DA:177,1600
DA:186,23
DA:195,1
DA:207,1
DA:219,1
DA:235,1
DA:236,1
DA:237,1
DA:238,1
DA:260,928
DA:289,1
DA:290,1
DA:300,2
DA:301,2
DA:311,1
DA:320,2
DA:321,10
DA:322,2
DA:330,1
DA:355,2
DA:364,3
DA:373,1
DA:482,18
DA:490,13
DA:498,1
DA:510,1
DA:522,1
DA:535,768
LF:78
LH:77
BRDA:57,0,0,400
BRDA:57,0,1,198
BRDA:60,1,0,400
BRDA:60,1,1,30
BRDA:61,2,0,400
BRDA:61,2,1,20
BRDA:62,3,0,400
BRDA:62,3,1,10
BRDA:64,4,0,400
BRDA:64,4,1,208
BRDA:64,4,2,184
BRDA:64,4,3,184
BRDA:68,5,0,320
BRDA:68,5,1,64
BRDA:77,6,0,1
BRDA:82,7,0,1
BRDA:82,7,1,0
BRDA:101,8,0,1
BRDA:102,9,0,1
BRDA:102,9,1,4
BRDA:230,10,0,320
BRDA:230,10,1,232
BRDA:230,10,2,220
BRDA:230,10,3,220
BRDA:278,11,0,928
BRDA:278,11,1,0
BRDA:281,12,0,928
BRDA:281,12,1,0
BRDA:320,13,0,1
BRDA:320,13,1,1
BRDA:321,14,0,2
BRDA:321,14,1,8
BRDA:324,15,0,694
BRDA:324,15,1,234
BRDA:325,16,0,694
BRDA:325,16,1,234
BRDA:347,17,0,256
BRDA:347,17,1,64
BRDA:372,18,0,320
BRDA:373,19,0,1
BRDA:373,19,1,1
BRDA:376,20,0,4
BRDA:421,21,0,4
BRDA:421,21,1,0
BRDA:442,22,0,4
BRDA:442,22,1,0
BRDA:455,23,0,4
BRDA:455,23,1,0
BRDA:489,24,0,76
BRDA:489,24,1,2
BRF:50
BRH:44
end_of_record
TN:
SF:src\routes\login.tsx
FN:8,Login
FN:18,(anonymous_1)
FN:28,(anonymous_2)
FN:35,(anonymous_3)
FN:44,(anonymous_4)
FN:84,(anonymous_5)
FN:108,(anonymous_6)
FN:188,(anonymous_7)
FN:208,(anonymous_8)
FN:213,(anonymous_9)
FN:227,(anonymous_10)
FN:268,(anonymous_11)
FN:276,(anonymous_12)
FNF:13
FNH:0
FNDA:0,Login
FNDA:0,(anonymous_1)
FNDA:0,(anonymous_2)
FNDA:0,(anonymous_3)
FNDA:0,(anonymous_4)
FNDA:0,(anonymous_5)
FNDA:0,(anonymous_6)
FNDA:0,(anonymous_7)
FNDA:0,(anonymous_8)
FNDA:0,(anonymous_9)
FNDA:0,(anonymous_10)
FNDA:0,(anonymous_11)
FNDA:0,(anonymous_12)
DA:9,0
DA:10,0
DA:11,0
DA:12,0
DA:13,0
DA:14,0
DA:15,0
DA:16,0
DA:18,0
DA:19,0
DA:20,0
DA:24,0
DA:28,0
DA:29,0
DA:30,0
DA:35,0
DA:36,0
DA:37,0
DA:38,0
DA:44,0
DA:45,0
DA:46,0
DA:48,0
DA:49,0
DA:51,0
DA:52,0
DA:53,0
DA:56,0
DA:58,0
DA:59,0
DA:62,0
DA:63,0
DA:75,0
DA:76,0
DA:79,0
DA:83,0
DA:84,0
DA:85,0
DA:88,0
DA:89,0
DA:90,0
DA:93,0
DA:94,0
DA:95,0
DA:97,0
DA:103,0
DA:104,0
DA:107,0
DA:108,0
DA:109,0
DA:111,0
DA:112,0
DA:113,0
DA:114,0
DA:115,0
DA:117,0
DA:118,0
DA:119,0
DA:120,0
DA:123,0
DA:127,0
DA:129,0
DA:130,0
DA:134,0
DA:188,0
DA:208,0
DA:213,0
DA:227,0
DA:268,0
DA:276,0
LF:70
LH:0
BRDA:19,0,0,0
BRDA:51,1,0,0
BRDA:51,2,0,0
BRDA:51,2,1,0
BRDA:75,3,0,0
BRDA:83,4,0,0
BRDA:88,5,0,0
BRDA:89,6,0,0
BRDA:94,7,0,0
BRDA:94,7,1,0
BRDA:95,8,0,0
BRDA:103,9,0,0
BRDA:109,10,0,0
BRDA:109,10,1,0
BRDA:111,11,0,0
BRDA:111,11,1,0
BRDA:129,12,0,0
BRDA:129,12,1,0
BRDA:131,13,0,0
BRDA:131,13,1,0
BRDA:164,14,0,0
BRDA:203,15,0,0
BRDA:203,15,1,0
BRDA:216,16,0,0
BRDA:247,17,0,0
BRF:25
BRH:0
end_of_record
TN:
SF:src\routes\root.tsx
FN:8,RootLayout
FN:19,ErrorBoundary
FN:34,(anonymous_2)
FNF:3
FNH:1
FNDA:16,RootLayout
FNDA:0,ErrorBoundary
FNDA:0,(anonymous_2)
DA:6,8
DA:20,0
DA:21,0
DA:34,0
LF:4
LH:1
BRDA:30,0,0,0
BRDA:30,0,1,0
BRF:2
BRH:0
end_of_record
TN:
SF:src\routes\signup.tsx
FN:9,Signup
FN:29,(anonymous_1)
FN:39,(anonymous_2)
FN:50,(anonymous_3)
FN:93,(anonymous_4)
FN:99,(anonymous_5)
FN:119,(anonymous_6)
FN:127,(anonymous_7)
FN:198,(anonymous_8)
FN:213,(anonymous_9)
FN:232,(anonymous_10)
FN:252,(anonymous_11)
FN:266,(anonymous_12)
FN:296,(anonymous_13)
FN:301,(anonymous_14)
FN:312,(anonymous_15)
FN:342,(anonymous_16)
FN:347,(anonymous_17)
FN:360,(anonymous_18)
FNF:19
FNH:0
FNDA:0,Signup
FNDA:0,(anonymous_1)
FNDA:0,(anonymous_2)
FNDA:0,(anonymous_3)
FNDA:0,(anonymous_4)
FNDA:0,(anonymous_5)
FNDA:0,(anonymous_6)
FNDA:0,(anonymous_7)
FNDA:0,(anonymous_8)
FNDA:0,(anonymous_9)
FNDA:0,(anonymous_10)
FNDA:0,(anonymous_11)
FNDA:0,(anonymous_12)
FNDA:0,(anonymous_13)
FNDA:0,(anonymous_14)
FNDA:0,(anonymous_15)
FNDA:0,(anonymous_16)
FNDA:0,(anonymous_17)
FNDA:0,(anonymous_18)
DA:10,0
DA:11,0
DA:13,0
DA:14,0
DA:15,0
DA:16,0
DA:17,0
DA:18,0
DA:19,0
DA:20,0
DA:22,0
DA:23,0
DA:24,0
DA:25,0
DA:26,0
DA:29,0
DA:30,0
DA:31,0
DA:32,0
DA:33,0
DA:34,0
DA:35,0
DA:36,0
DA:39,0
DA:40,0
DA:47,0
DA:50,0
DA:51,0
DA:52,0
DA:53,0
DA:55,0
DA:56,0
DA:57,0
DA:58,0
DA:59,0
DA:60,0
DA:63,0
DA:64,0
DA:65,0
DA:68,0
DA:69,0
DA:70,0
DA:71,0
DA:74,0
DA:75,0
DA:76,0
DA:79,0
DA:80,0
DA:81,0
DA:84,0
DA:85,0
DA:86,0
DA:89,0
DA:91,0
DA:93,0
DA:94,0
DA:95,0
DA:99,0
DA:102,0
DA:103,0
DA:104,0
DA:107,0
DA:119,0
DA:121,0
DA:122,0
DA:127,0
DA:128,0
DA:132,0
DA:133,0
DA:136,0
DA:198,0
DA:213,0
DA:232,0
DA:252,0
DA:266,0
DA:296,0
DA:301,0
DA:313,0
DA:342,0
DA:347,0
DA:360,0
LF:81
LH:0
BRDA:31,0,0,0
BRDA:32,1,0,0
BRDA:33,2,0,0
BRDA:33,3,0,0
BRDA:33,3,1,0
BRDA:34,4,0,0
BRDA:35,5,0,0
BRDA:63,6,0,0
BRDA:63,7,0,0
BRDA:63,7,1,0
BRDA:63,7,2,0
BRDA:63,7,3,0
BRDA:63,7,4,0
BRDA:63,7,5,0
BRDA:69,8,0,0
BRDA:74,9,0,0
BRDA:79,10,0,0
BRDA:84,11,0,0
BRDA:94,12,0,0
BRDA:103,13,0,0
BRDA:103,13,1,0
BRDA:104,14,0,0
BRDA:113,15,0,0
BRDA:113,15,1,0
BRDA:132,16,0,0
BRDA:132,16,1,0
BRDA:134,17,0,0
BRDA:134,17,1,0
BRDA:166,18,0,0
BRDA:173,19,0,0
BRDA:291,20,0,0
BRDA:291,20,1,0
BRDA:304,21,0,0
BRDA:309,22,0,0
BRDA:316,23,0,0
BRDA:316,23,1,0
BRDA:337,24,0,0
BRDA:337,24,1,0
BRDA:350,25,0,0
BRDA:381,26,0,0
BRF:40
BRH:0
end_of_record
